<?xml version="1.0" encoding="UTF-8" standalone="no"?>
<fileLog>
<createdFiles>
<entry name="jogl-all.jar" shared="false" uninstallMode="0"/>
<entry name="boardcad/gui/jdk/BoardCAD$74.class" shared="false" uninstallMode="0"/>
<entry name="boardcad/icons/Properties16.gif" shared="false" uninstallMode="0"/>
<entry name="boardcad/icons/AlignJustifyVertical24.gif" shared="false" uninstallMode="0"/>
<entry name="boardcam/toolpathgenerators/ext/CoordinateScaling.class" shared="false" uninstallMode="0"/>
<entry name="boardcad/gui/jdk/ControlPointInfo.java" shared="false" uninstallMode="0"/>
<entry name="boardcad/print/PrintHollowWoodTemplates.class" shared="false" uninstallMode="0"/>
<entry name="boardcam/toolpathgenerators/SurfaceSplitsToolpathGenerator.class" shared="false" uninstallMode="0"/>
<entry name="boardcad/gui/jdk/BoardCAD$31.class" shared="false" uninstallMode="0"/>
<entry name="doc/board/package-summary.html" shared="false" uninstallMode="0"/>
<entry name="boardcad/icons/AlignJustifyVertical16.gif" shared="false" uninstallMode="0"/>
<entry name="boardcad/icons/print.png" shared="false" uninstallMode="0"/>
<entry name="boardcad/gui/jdk/WeightCalculatorDialog$10.class" shared="false" uninstallMode="0"/>
<entry name="boardcad/gui/jdk/SetImageNoseCommand.class" shared="false" uninstallMode="0"/>
<entry name="boardcad/icons/icon profile and mill by jonas.png" shared="false" uninstallMode="0"/>
<entry name="cachedir/packages/charsets.pkc" shared="false" uninstallMode="0"/>
<entry name="boardcad/gui/jdk/BoardCAD$35$1.class" shared="false" uninstallMode="0"/>
<entry name="boardcad/gui/jdk/BoardCAD$2.class" shared="false" uninstallMode="0"/>
<entry name="boardcad/gui/jdk/BoardCAD$24.class" shared="false" uninstallMode="0"/>
<entry name="boardcam/readers/CutReader.class" shared="false" uninstallMode="0"/>
<entry name="boardcad/gui/jdk/WeightCalculatorDialog$5.class" shared="false" uninstallMode="0"/>
<entry name="cachedir/packages/jce.pkc" shared="false" uninstallMode="0"/>
<entry name="doc/boardcad/export/PdfDraw.html" shared="false" uninstallMode="0"/>
<entry name="doc/boardcam/writers/package-frame.html" shared="false" uninstallMode="0"/>
<entry name="doc/board/MeshBoard.html" shared="false" uninstallMode="0"/>
<entry name="doc/cadcore/AxisAlignedBoundingBox.html" shared="false" uninstallMode="0"/>
<entry name="boardcad/icons/Preferences24.gif" shared="false" uninstallMode="0"/>
<entry name="cadcore/Triangle.class" shared="false" uninstallMode="0"/>
<entry name="boardcad/gui/jdk/EdgeView.class" shared="false" uninstallMode="0"/>
<entry name=".install4j/response.varfile" shared="false" uninstallMode="0"/>
<entry name="doc/resources/background.gif" shared="false" uninstallMode="0"/>
<entry name="boardcam/cutters/FlatCutter.class" shared="false" uninstallMode="0"/>
<entry name="boardcam/toolpathgenerators/WidthSplitsToolpathGenerator.class" shared="false" uninstallMode="0"/>
<entry name="boardcad/icons/mill png 16x16.png" shared="false" uninstallMode="0"/>
<entry name="boardcad/gui/jdk/JOGLThreeDView.class" shared="false" uninstallMode="0"/>
<entry name="cachedir/packages/resources.pkc" shared="false" uninstallMode="0"/>
<entry name="jogl-all-natives-linux-i586.jar" shared="false" uninstallMode="0"/>
<entry name="boardcad/gui/jdk/BoardCAD$3.class" shared="false" uninstallMode="0"/>
<entry name="boardcad/icons/BoardCAD png 16x16 transp bg.png" shared="false" uninstallMode="0"/>
<entry name="shapebot4deck.py" shared="false" uninstallMode="0"/>
<entry name="boardcam/toolpathgenerators/AbstractToolpathGenerator.class" shared="false" uninstallMode="0"/>
<entry name="cadcore/BezierBoardLinearInterpolationSurfaceModel.java" shared="false" uninstallMode="0"/>
<entry name="boardcad/gui/jdk/WeightCalculatorDialog$11.class" shared="false" uninstallMode="0"/>
<entry name="cadcore/BezierBoardControlPointInterpolationSurfaceModel.class" shared="false" uninstallMode="0"/>
<entry name="doc/boardcad/gui/jdk/ScaleBoardInputDialog.html" shared="false" uninstallMode="0"/>
<entry name="doc/boardcam/toolpathgenerators/HotwireToolpathGenerator.html" shared="false" uninstallMode="0"/>
<entry name="doc/board/readers/S3dReader.html" shared="false" uninstallMode="0"/>
<entry name="boardcad/gui/jdk/BoardCAD$82.class" shared="false" uninstallMode="0"/>
<entry name="boardcad/icons/AlignBottom24.gif" shared="false" uninstallMode="0"/>
<entry name="doc/boardcam/toolpathgenerators/AbstractToolpathGenerator.html" shared="false" uninstallMode="0"/>
<entry name="boardcad/icons/About16.gif" shared="false" uninstallMode="0"/>
<entry name="boardcam/cutters/STLCutter$2.class" shared="false" uninstallMode="0"/>
<entry name="boardcad/FileTools.java" shared="false" uninstallMode="0"/>
<entry name="boardcam/toolpathgenerators/ext/SandwichCompensation$1.class" shared="false" uninstallMode="0"/>
<entry name="boardcam/Scan.class" shared="false" uninstallMode="0"/>
<entry name="cachedir/packages/gluegen-rt-natives-macosx-universal.pkc" shared="false" uninstallMode="0"/>
<entry name="boardcad/icons/Stop16.gif" shared="false" uninstallMode="0"/>
<entry name="doc/boardcam/cutters/RotatingBoardCutter.html" shared="false" uninstallMode="0"/>
<entry name="boardcad/gui/jdk/BoardCAD$46$1.class" shared="false" uninstallMode="0"/>
<entry name="boardcad/print/PrintSandwichTemplates$PrintState.class" shared="false" uninstallMode="0"/>
<entry name="doc/boardcam/cutters/Bullnose2dCutter.html" shared="false" uninstallMode="0"/>
<entry name="boardcam/cutters/STLCutter$1.class" shared="false" uninstallMode="0"/>
<entry name="boardcad/gui/jdk/AboutBox.class" shared="false" uninstallMode="0"/>
<entry name="doc/boardcad/gui/jdk/plugin/package-frame.html" shared="false" uninstallMode="0"/>
<entry name="cadcore/BezierSpline$3.class" shared="false" uninstallMode="0"/>
<entry name="boardcad/gui/jdk/BrdCommand.class" shared="false" uninstallMode="0"/>
<entry name="cachedir/packages/gluegen-rt.pkc" shared="false" uninstallMode="0"/>
<entry name="boardcad/gui/jdk/WeightCalculatorDialog$4.class" shared="false" uninstallMode="0"/>
<entry name="boardcam/toolpathgenerators/ext/CoordinateScaling$1.class" shared="false" uninstallMode="0"/>
<entry name="cadcore/UnitUtils.class" shared="false" uninstallMode="0"/>
<entry name="doc/board/writers/package-tree.html" shared="false" uninstallMode="0"/>
<entry name="cadcore/AxisAlignedBoundingBox.java" shared="false" uninstallMode="0"/>
<entry name="boardcad/icons/BoardCADaddcp24.gif" shared="false" uninstallMode="0"/>
<entry name="boardcad/print/PrintBrd$1.class" shared="false" uninstallMode="0"/>
<entry name="boardcad/icons/About24.gif" shared="false" uninstallMode="0"/>
<entry name="boardcad/gui/jdk/BoardCAD$15.class" shared="false" uninstallMode="0"/>
<entry name="boardcad/icons/Search24.gif" shared="false" uninstallMode="0"/>
<entry name="boardcad/gui/jdk/BoardCAD$75.class" shared="false" uninstallMode="0"/>
<entry name="boardcad/gui/jdk/BoardCAD$23.class" shared="false" uninstallMode="0"/>
<entry name="boardcad/settings/Setting.class" shared="false" uninstallMode="0"/>
<entry name="doc/index.html" shared="false" uninstallMode="0"/>
<entry name="boardcad/icons/Zoom24.gif" shared="false" uninstallMode="0"/>
<entry name="boardcad/icons/AlignJustifyHorizontal24.gif" shared="false" uninstallMode="0"/>
<entry name="doc/boardcad/gui/jdk/BrdGuidePointsDialog.html" shared="false" uninstallMode="0"/>
<entry name="boardcad/gui/jdk/BoardCAD$83.class" shared="false" uninstallMode="0"/>
<entry name="boardcam/MachineConfig.class" shared="false" uninstallMode="0"/>
<entry name="boardcad/gui/jdk/BoardLoadAction.class" shared="false" uninstallMode="0"/>
<entry name=".install4j/5b25c053.lprop" shared="false" uninstallMode="0"/>
<entry name="doc/boardcam/readers/CutReader.html" shared="false" uninstallMode="0"/>
<entry name=".DS_Store" shared="false" uninstallMode="0"/>
<entry name="boardcad/gui/jdk/BoardCAD$16.class" shared="false" uninstallMode="0"/>
<entry name="boardcad/icons/Remove16.gif" shared="false" uninstallMode="0"/>
<entry name="boardcad/gui/jdk/BoardCAD$29.class" shared="false" uninstallMode="0"/>
<entry name="flatcollision.stl" shared="false" uninstallMode="0"/>
<entry name="boardcad/gui/jdk/BoardCAD$34$1.class" shared="false" uninstallMode="0"/>
<entry name="boardcad/print/PrintChamberedWoodTemplate.java" shared="false" uninstallMode="0"/>
<entry name="doc/boardcam/toolpathgenerators/HotwireToolpathGenerator2.html" shared="false" uninstallMode="0"/>
<entry name="boardcad/gui/jdk/Machine3DView$5.class" shared="false" uninstallMode="0"/>
<entry name="boardcad/icons/Remove24.gif" shared="false" uninstallMode="0"/>
<entry name="cadcore/BezierBoardControlPointInterpolationSurfaceModel$2.class" shared="false" uninstallMode="0"/>
<entry name="boardcad/icons/Save24.gif" shared="false" uninstallMode="0"/>
<entry name="boardcad/icons/Search16.gif" shared="false" uninstallMode="0"/>
<entry name="boardcad/gui/jdk/SettingDialog.java" shared="false" uninstallMode="0"/>
<entry name="boardcam/cutters/STLCutter.java" shared="false" uninstallMode="0"/>
<entry name="boardcam/toolpathgenerators/ext/SandwichCompensation$4.class" shared="false" uninstallMode="0"/>
<entry name="cachedir/packages/jogl-all-natives-macosx-universal.pkc" shared="false" uninstallMode="0"/>
<entry name="boardcad/gui/jdk/BoardCAD$8.class" shared="false" uninstallMode="0"/>
<entry name="boardcad/icons/ComposeMail16.gif" shared="false" uninstallMode="0"/>
<entry name="boardcad/gui/jdk/ComboBoxDialog$1.class" shared="false" uninstallMode="0"/>
<entry name="doc/boardcad/gui/jdk/BoardLoadAction.html" shared="false" uninstallMode="0"/>
<entry name="cadcore/BezierSpline$4.class" shared="false" uninstallMode="0"/>
<entry name="doc/constant-values.html" shared="false" uninstallMode="0"/>
<entry name="boardcad/gui/jdk/Machine3DView$4.class" shared="false" uninstallMode="0"/>
<entry name="boardcad/gui/jdk/BoardCAD$90.class" shared="false" uninstallMode="0"/>
<entry name="boardcad/i18n/LanguageResource_pt.properties" shared="false" uninstallMode="0"/>
<entry name="boardcad/gui/jdk/SettingDialog$1.class" shared="false" uninstallMode="0"/>
<entry name="doc/boardcad/print/PrintSandwichTemplates.html" shared="false" uninstallMode="0"/>
<entry name="boardcad/gui/jdk/WeightCalculatorDialog.java" shared="false" uninstallMode="0"/>
<entry name="boardcad/gui/jdk/BoardCAD$28.class" shared="false" uninstallMode="0"/>
<entry name="boardcam/toolpathgenerators/ext/SandwichCompensation$5.class" shared="false" uninstallMode="0"/>
<entry name="cadcore/AbstractBezierBoardSurfaceModel$1.class" shared="false" uninstallMode="0"/>
<entry name="boardcad/gui/jdk/BoardCAD$11.class" shared="false" uninstallMode="0"/>
<entry name="boardcad/icons/Properties24.gif" shared="false" uninstallMode="0"/>
<entry name="boardcam/writers/GCodeWriterWithScaling.java" shared="false" uninstallMode="0"/>
<entry name="boardcad/gui/jdk/BrdGuidePointsDialog.class" shared="false" uninstallMode="0"/>
<entry name="cadcore/BezierKnot.java" shared="false" uninstallMode="0"/>
<entry name="doc/cadcore/MathUtils.FunctionXY.html" shared="false" uninstallMode="0"/>
<entry name="boardcad/gui/jdk/JavaDraw.class" shared="false" uninstallMode="0"/>
<entry name="boardcad/gui/jdk/AbstractEditor.class" shared="false" uninstallMode="0"/>
<entry name="boardcad/gui/jdk/BoardCADSettings.class" shared="false" uninstallMode="0"/>
<entry name="boardcad/gui/jdk/BoardCAD$87.class" shared="false" uninstallMode="0"/>
<entry name="boardcad/gui/jdk/BoardCAD$37.class" shared="false" uninstallMode="0"/>
<entry name="boardcad/icons/BoardCADrotateview24.gif" shared="false" uninstallMode="0"/>
<entry name="cachedir/packages/j3dutils.pkc" shared="false" uninstallMode="0"/>
<entry name="boardcam/holdingsystems/SupportsBlankHoldingSystem.class" shared="false" uninstallMode="0"/>
<entry name="boardcad/gui/jdk/BoardInfo$2.class" shared="false" uninstallMode="0"/>
<entry name="jogl-all-natives-windows-amd64.jar" shared="false" uninstallMode="0"/>
<entry name="doc/boardcam/writers/package-tree.html" shared="false" uninstallMode="0"/>
<entry name="boardcad/gui/jdk/BoardCAD$91.class" shared="false" uninstallMode="0"/>
<entry name="boardcad/icons/BoardCAD ico 48x48.ico" shared="false" uninstallMode="0"/>
<entry name="boardcad/icons/Stop24.gif" shared="false" uninstallMode="0"/>
<entry name="doc/boardcad/settings/Settings.html" shared="false" uninstallMode="0"/>
<entry name="boardcad/icons/SaveAs16.gif" shared="false" uninstallMode="0"/>
<entry name=".install4j/MessagesDefault" shared="false" uninstallMode="2"/>
<entry name="boardcad/gui/jdk/BrdDeleteControlPointCommand.class" shared="false" uninstallMode="0"/>
<entry name="boardcad/gui/jdk/BrdEditParentContainer.class" shared="false" uninstallMode="0"/>
<entry name="cadcore/VecMath.java" shared="false" uninstallMode="0"/>
<entry name="boardcad/icons/PageSetup16.gif" shared="false" uninstallMode="0"/>
<entry name="boardcad/gui/jdk/ThreeDView$2.class" shared="false" uninstallMode="0"/>
<entry name="boardcad/icons/Zoom16.gif" shared="false" uninstallMode="0"/>
<entry name="cadcore/MathUtils$TwoParamFunctionXY.class" shared="false" uninstallMode="0"/>
<entry name="doc/boardcad/export/package-frame.html" shared="false" uninstallMode="0"/>
<entry name="boardcad/gui/jdk/BoardCAD$66.class" shared="false" uninstallMode="0"/>
<entry name="cadcore/MathUtils$RootFinder$BisectRootFinder.class" shared="false" uninstallMode="0"/>
<entry name="cachedir/packages/sunjce_provider.pkc" shared="false" uninstallMode="0"/>
<entry name="doc/cadcore/VecMath.html" shared="false" uninstallMode="0"/>
<entry name="doc/cadcore/BezierKnot.html" shared="false" uninstallMode="0"/>
<entry name="boardcad/gui/jdk/WeightCalculatorDialog$9.class" shared="false" uninstallMode="0"/>
<entry name="boardcam/MachineConfig$2.class" shared="false" uninstallMode="0"/>
<entry name="boardcad/settings/Settings$SettingChangedCallback.class" shared="false" uninstallMode="0"/>
<entry name="boardcad/icons/Delete24.gif" shared="false" uninstallMode="0"/>
<entry name="boardcad/gui/jdk/BoardGuidePointsDialog$2.class" shared="false" uninstallMode="0"/>
<entry name="boardcad/gui/jdk/BrowserControl.class" shared="false" uninstallMode="0"/>
<entry name="boardcad/gui/jdk/BoardCAD$70.class" shared="false" uninstallMode="0"/>
<entry name="boardcad/gui/jdk/SetImageTailCommand.class" shared="false" uninstallMode="0"/>
<entry name="cachedir/packages/packages.idx" shared="false" uninstallMode="0"/>
<entry name="cadcore/MathUtils$RootFinder.class" shared="false" uninstallMode="0"/>
<entry name="boardcam/toolpathgenerators/ext/SandwichCompensation.class" shared="false" uninstallMode="0"/>
<entry name="cachedir/packages/QTJava.pkc" shared="false" uninstallMode="0"/>
<entry name="boardcad/gui/jdk/BoardSpec.java" shared="false" uninstallMode="0"/>
<entry name="boardcam/cutters/Bullnose2dCutter.java" shared="false" uninstallMode="0"/>
<entry name="boardcad/icons/FindAgain24.gif" shared="false" uninstallMode="0"/>
<entry name="boardcam/toolpathgenerators/SurfaceSplitsToolpathGenerator$State.class" shared="false" uninstallMode="0"/>
<entry name="boardcad/gui/jdk/BrdImportOutlineCommand.class" shared="false" uninstallMode="0"/>
<entry name="boardcam/holdingsystems/RotatingBoardBlankHoldingSystem.java" shared="false" uninstallMode="0"/>
<entry name="j3dcore.jar" shared="false" uninstallMode="0"/>
<entry name="doc/overview-summary.html" shared="false" uninstallMode="0"/>
<entry name="board/BezierBoard.java" shared="false" uninstallMode="0"/>
<entry name=".install4j/i4jruntime.jar" shared="false" uninstallMode="2"/>
<entry name=".install4j/i4j_extf_0_17mapa5.utf8" shared="false" uninstallMode="2"/>
<entry name="boardcad/gui/jdk/BoardCAD$102.class" shared="false" uninstallMode="0"/>
<entry name="board/BezierBoard.class" shared="false" uninstallMode="0"/>
<entry name="boardcam/MachineConfig$7.class" shared="false" uninstallMode="0"/>
<entry name="boardcad/gui/jdk/JavaDraw.java" shared="false" uninstallMode="0"/>
<entry name="doc/cadcore/package-frame.html" shared="false" uninstallMode="0"/>
<entry name="boardcam/writers/AbstractMachineWriter.java" shared="false" uninstallMode="0"/>
<entry name="boardcad/gui/jdk/BoardCAD$40.class" shared="false" uninstallMode="0"/>
<entry name="doc/boardcam/cutters/package-summary.html" shared="false" uninstallMode="0"/>
<entry name="boardcad/gui/jdk/BoardCAD$115.class" shared="false" uninstallMode="0"/>
<entry name="boardcad/gui/jdk/BoardFinsDialog.java" shared="false" uninstallMode="0"/>
<entry name="boardcam/readers/GCodeReader.java" shared="false" uninstallMode="0"/>
<entry name="boardcam/cutters/AbstractCutter.class" shared="false" uninstallMode="0"/>
<entry name="cadcore/MathUtils$FunctionXYZ.class" shared="false" uninstallMode="0"/>
<entry name="cadcore/BezierBoardLinearInterpolationSurfaceModel$2.class" shared="false" uninstallMode="0"/>
<entry name="doc/boardcam/toolpathgenerators/SurfaceSplitsToolpathGenerator.html" shared="false" uninstallMode="0"/>
<entry name="doc/cadcore/MathUtils.TwoParamFunctionXY.html" shared="false" uninstallMode="0"/>
<entry name="boardcad/gui/jdk/BoardPreview.java" shared="false" uninstallMode="0"/>
<entry name="boardcad/gui/jdk/BoardCAD$58.class" shared="false" uninstallMode="0"/>
<entry name="boardcam/writers/GCodeWriterWithScaling.class" shared="false" uninstallMode="0"/>
<entry name="boardcad/gui/jdk/ThreeDView.class" shared="false" uninstallMode="0"/>
<entry name="boardcad/icons/BoardCADtoggle24.gif" shared="false" uninstallMode="0"/>
<entry name="cadcore/BezierCurve.class" shared="false" uninstallMode="0"/>
<entry name="doc/boardcad/gui/jdk/BoardCAD.html" shared="false" uninstallMode="0"/>
<entry name="boardcad/gui/jdk/BoardCAD$7.class" shared="false" uninstallMode="0"/>
<entry name="boardcad/gui/jdk/BoardCAD$79.class" shared="false" uninstallMode="0"/>
<entry name="board/readers/StepReader.class" shared="false" uninstallMode="0"/>
<entry name=".install4j/2bfa42ba.lprop" shared="false" uninstallMode="0"/>
<entry name="boardcad/gui/jdk/View.class" shared="false" uninstallMode="0"/>
<entry name="cachedir/packages/j3dcore$1.pkc" shared="false" uninstallMode="0"/>
<entry name="boardcad/icons/Export24.gif" shared="false" uninstallMode="0"/>
<entry name=".install4j/uninstall.png" shared="false" uninstallMode="2"/>
<entry name="doc/boardcad/gui/jdk/MachineDialog.html" shared="false" uninstallMode="0"/>
<entry name="boardcad/icons/Export16.gif" shared="false" uninstallMode="0"/>
<entry name="boardcad/gui/jdk/BoardCAD$32.class" shared="false" uninstallMode="0"/>
<entry name="boardcad/gui/jdk/ScaleBoardInputDialog.java" shared="false" uninstallMode="0"/>
<entry name="boardcad/gui/jdk/TwoValuesInputDialog$1.class" shared="false" uninstallMode="0"/>
<entry name="boardcad/gui/jdk/SettingsComponent.class" shared="false" uninstallMode="0"/>
<entry name="boardcad/icons/AlignRight16.gif" shared="false" uninstallMode="0"/>
<entry name="doc/boardcam/cutters/package-frame.html" shared="false" uninstallMode="0"/>
<entry name="boardcad/gui/jdk/BoardFinsDialog$3.class" shared="false" uninstallMode="0"/>
<entry name="boardcad/gui/jdk/SettingsComponent$2.class" shared="false" uninstallMode="0"/>
<entry name="boardcad/gui/jdk/BoardCAD.java" shared="false" uninstallMode="0"/>
<entry name="boardcad/gui/jdk/BoardCAD$45.class" shared="false" uninstallMode="0"/>
<entry name="boardcad/icons/SaveAs24.gif" shared="false" uninstallMode="0"/>
<entry name="doc/boardcad/gui/jdk/SettingDialog.html" shared="false" uninstallMode="0"/>
<entry name="boardcad/gui/jdk/BoardCAD$61.class" shared="false" uninstallMode="0"/>
<entry name="boardcad/icons/Preferences16.gif" shared="false" uninstallMode="0"/>
<entry name="boardcad/gui/jdk/WeightCalculatorDialog$12$1.class" shared="false" uninstallMode="0"/>
<entry name="cadcore/BezierBoardControlPointInterpolationSurfaceModel$1.class" shared="false" uninstallMode="0"/>
<entry name="doc/cadcore/BezierCurve.html" shared="false" uninstallMode="0"/>
<entry name="boardcad/gui/jdk/BoardCAD$110.class" shared="false" uninstallMode="0"/>
<entry name="boardcad/icons/ZoomIn24x50.gif" shared="false" uninstallMode="0"/>
<entry name="boardcam/holdingsystems/EndClampsBlankHoldingSystem.class" shared="false" uninstallMode="0"/>
<entry name="boardcad/gui/jdk/BoardCAD$54.class" shared="false" uninstallMode="0"/>
<entry name="boardcad/icons/Find24.gif" shared="false" uninstallMode="0"/>
<entry name="boardcam/toolpathgenerators/SurfaceSplitsToolpathGenerator.java" shared="false" uninstallMode="0"/>
<entry name="doc/boardcad/print/package-frame.html" shared="false" uninstallMode="0"/>
<entry name="boardcad/gui/jdk/BoardCAD$51.class" shared="false" uninstallMode="0"/>
<entry name="doc/cadcore/NurbsSurface.html" shared="false" uninstallMode="0"/>
<entry name="boardcad/gui/.DS_Store" shared="false" uninstallMode="0"/>
<entry name="boardcad/gui/jdk/BoardCAD$116.class" shared="false" uninstallMode="0"/>
<entry name="board/MeshBoard.java" shared="false" uninstallMode="0"/>
<entry name="boardcad/gui/jdk/ScaleBoardInputDialog$4.class" shared="false" uninstallMode="0"/>
<entry name="doc/board/readers/StepReader.html" shared="false" uninstallMode="0"/>
<entry name="doc/stylesheet.css" shared="false" uninstallMode="0"/>
<entry name="boardcam/cutters/BullnoseCutter.java" shared="false" uninstallMode="0"/>
<entry name="boardcad/icons/SaveAll24.gif" shared="false" uninstallMode="0"/>
<entry name="boardcad/gui/jdk/CategorizedSettingsComponent.java" shared="false" uninstallMode="0"/>
<entry name="boardcad/gui/jdk/DesignPanel.java" shared="false" uninstallMode="0"/>
<entry name="boardcad/icons/AlignRight24.gif" shared="false" uninstallMode="0"/>
<entry name="boardcad/gui/jdk/ScaleBoardInputDialog$7.class" shared="false" uninstallMode="0"/>
<entry name="boardcad/gui/jdk/ThreeDView$6.class" shared="false" uninstallMode="0"/>
<entry name="doc/boardcam/cutters/SimpleBullnoseCutter.html" shared="false" uninstallMode="0"/>
<entry name="boardcad/DefaultBrds.class" shared="false" uninstallMode="0"/>
<entry name="boardcad/icons/FindAgain16.gif" shared="false" uninstallMode="0"/>
<entry name="boardcad/gui/jdk/BoardSpec$3.class" shared="false" uninstallMode="0"/>
<entry name="boardcad/BoardCAD.vmoptions" shared="false" uninstallMode="0"/>
<entry name="boardcad/gui/jdk/Machine3DView.java" shared="false" uninstallMode="0"/>
<entry name="boardcad/gui/jdk/BoardCAD$114.class" shared="false" uninstallMode="0"/>
<entry name="doc/boardcam/writers/CutWriter.html" shared="false" uninstallMode="0"/>
<entry name="boardcad/icons/History24.gif" shared="false" uninstallMode="0"/>
<entry name="boardcam/toolpathgenerators/ext/CoordinateScaling.java" shared="false" uninstallMode="0"/>
<entry name="boardcam/writers/GCodeWriter.class" shared="false" uninstallMode="0"/>
<entry name="boardcad/gui/jdk/ScaleBoardInputDialog$6.class" shared="false" uninstallMode="0"/>
<entry name="boardcad/gui/jdk/BoardCAD$52.class" shared="false" uninstallMode="0"/>
<entry name="doc/boardcad/gui/jdk/BoardInfo.html" shared="false" uninstallMode="0"/>
<entry name="doc/boardcad/gui/jdk/BoardHandler.html" shared="false" uninstallMode="0"/>
<entry name="boardcad/gui/jdk/BoardSpec$2.class" shared="false" uninstallMode="0"/>
<entry name="boardcad/gui/jdk/BrdScaleCommand.class" shared="false" uninstallMode="0"/>
<entry name="boardcad/gui/jdk/ControlPointInfo.class" shared="false" uninstallMode="0"/>
<entry name="boardcad/gui/jdk/RockerView$1.class" shared="false" uninstallMode="0"/>
<entry name="boardcad/gui/jdk/BoardCAD$113.class" shared="false" uninstallMode="0"/>
<entry name="shapebot3bottom.py" shared="false" uninstallMode="0"/>
<entry name="cachedir/packages/jai_core.pkc" shared="false" uninstallMode="0"/>
<entry name="shapebot5deck copy.py" shared="false" uninstallMode="0"/>
<entry name="boardcad/gui/jdk/BoardLoadAction.java" shared="false" uninstallMode="0"/>
<entry name="boardcad/gui/jdk/BoardSpec$1.class" shared="false" uninstallMode="0"/>
<entry name="boardcad/gui/jdk/ScaleBoardInputDialog$5.class" shared="false" uninstallMode="0"/>
<entry name="doc/boardcam/cutters/FlatCutter.html" shared="false" uninstallMode="0"/>
<entry name="boardcad/gui/jdk/BrdRemoveCrossSectionCommand.class" shared="false" uninstallMode="0"/>
<entry name="boardcad/gui/jdk/BezierBoardDrawUtil.class" shared="false" uninstallMode="0"/>
<entry name="boardcad/print/PrintSandwichTemplates$1.class" shared="false" uninstallMode="0"/>
<entry name="doc/boardcad/gui/jdk/TwoValuesInputDialog.html" shared="false" uninstallMode="0"/>
<entry name="boardcad/gui/jdk/BoardCAD$53.class" shared="false" uninstallMode="0"/>
<entry name="boardcad/gui/jdk/ScaleBoardInputDialog$8.class" shared="false" uninstallMode="0"/>
<entry name="boardcad/gui/jdk/BoardCAD$112.class" shared="false" uninstallMode="0"/>
<entry name="doc/boardcam/toolpathgenerators/package-summary.html" shared="false" uninstallMode="0"/>
<entry name="jython.jar" shared="false" uninstallMode="0"/>
<entry name="cadcore/MathUtils$FunctionXY.class" shared="false" uninstallMode="0"/>
<entry name="boardcad/icons/ComposeMail24.gif" shared="false" uninstallMode="0"/>
<entry name="boardcad/gui/jdk/BoardEdit.java" shared="false" uninstallMode="0"/>
<entry name="boardcad/gui/jdk/AboutBox.java" shared="false" uninstallMode="0"/>
<entry name="boardcad/gui/jdk/BoardSpec.class" shared="false" uninstallMode="0"/>
<entry name="boardcad/gui/jdk/ShapingBay.class" shared="false" uninstallMode="0"/>
<entry name="boardcad/icons/Delete16.gif" shared="false" uninstallMode="0"/>
<entry name="doc/boardcad/export/package-summary.html" shared="false" uninstallMode="0"/>
<entry name="doc/cadcore/UnitUtils.html" shared="false" uninstallMode="0"/>
<entry name="doc/boardcad/print/PrintChamberedWoodTemplate.html" shared="false" uninstallMode="0"/>
<entry name="board/BezierBoard$2.class" shared="false" uninstallMode="0"/>
<entry name="doc/board/writers/package-summary.html" shared="false" uninstallMode="0"/>
<entry name="boardcad/gui/jdk/plugin/AbstractPluginHandler.class" shared="false" uninstallMode="0"/>
<entry name="boardcad/gui/jdk/BoardCAD$55.class" shared="false" uninstallMode="0"/>
<entry name="boardcad/icons/ContextualHelp16.gif" shared="false" uninstallMode="0"/>
<entry name="cadcore/MathUtils$RootFinder$NewtonRaphsonRootFinder.class" shared="false" uninstallMode="0"/>
<entry name="cachedir/packages/jai_codec.pkc" shared="false" uninstallMode="0"/>
<entry name="boardcad/icons/AlignCenter16.gif" shared="false" uninstallMode="0"/>
<entry name="boardcad/gui/jdk/BoardLoadAction$1.class" shared="false" uninstallMode="0"/>
<entry name="boardcad/icons/help-about.png" shared="false" uninstallMode="0"/>
<entry name="bullnose.stl" shared="false" uninstallMode="0"/>
<entry name="boardcad/gui/jdk/ThreeDView2$2.class" shared="false" uninstallMode="0"/>
<entry name="boardcam/holdingsystems/EndClampsBlankHoldingSystem$2.class" shared="false" uninstallMode="0"/>
<entry name="board/NurbsBoard.class" shared="false" uninstallMode="0"/>
<entry name="doc/boardcam/toolpathgenerators/SurfaceSplitsToolpathGenerator.State.html" shared="false" uninstallMode="0"/>
<entry name="boardcam/cutters/RotatingBoardCutter.java" shared="false" uninstallMode="0"/>
<entry name="doc/boardcad/settings/Settings.SettingChangedCallback.html" shared="false" uninstallMode="0"/>
<entry name="boardcad/gui/jdk/BoardCAD$DeckOrBottom.class" shared="false" uninstallMode="0"/>
<entry name="boardcad/gui/jdk/BoardCAD$118.class" shared="false" uninstallMode="0"/>
<entry name="boardcad/gui/jdk/ScaleBoardInputDialog$3.class" shared="false" uninstallMode="0"/>
<entry name="boardcad/gui/jdk/BoardCAD$56.class" shared="false" uninstallMode="0"/>
<entry name="boardcad/gui/jdk/SetCurrentOneShotCommandAction.class" shared="false" uninstallMode="0"/>
<entry name="boardcad/icons/Add16.gif" shared="false" uninstallMode="0"/>
<entry name="boardcam/holdingsystems/EndClampsBlankHoldingSystem$1.class" shared="false" uninstallMode="0"/>
<entry name="cachedir/packages/vecmath$1.pkc" shared="false" uninstallMode="0"/>
<entry name="boardcad/icons/AlignJustifyHorizontal16.gif" shared="false" uninstallMode="0"/>
<entry name="boardcad/gui/jdk/MachineDialog.java" shared="false" uninstallMode="0"/>
<entry name="boardcad/icons/Save16.gif" shared="false" uninstallMode="0"/>
<entry name="boardcam/cutters/BullnoseCutter.class" shared="false" uninstallMode="0"/>
<entry name="doc/cadcore/MathUtils.DerivableFunction.html" shared="false" uninstallMode="0"/>
<entry name="boardcad/gui/jdk/JOGLThreeDView$ThreeDMouse.class" shared="false" uninstallMode="0"/>
<entry name="boardcam/cutters/SimpleBullnoseCutter.class" shared="false" uninstallMode="0"/>
<entry name="doc/boardcam/holdingsystems/package-summary.html" shared="false" uninstallMode="0"/>
<entry name="boardcam/toolpathgenerators/ext/SandwichCompensation.java" shared="false" uninstallMode="0"/>
<entry name="boardcad/gui/jdk/BrdImportCrossSectionCommand.class" shared="false" uninstallMode="0"/>
<entry name="boardcad/gui/jdk/BoardCAD$111.class" shared="false" uninstallMode="0"/>
<entry name="boardcad/gui/jdk/BoardCAD$117.class" shared="false" uninstallMode="0"/>
<entry name="boardcad/gui/jdk/ThreeDView$5.class" shared="false" uninstallMode="0"/>
<entry name="doc/deprecated-list.html" shared="false" uninstallMode="0"/>
<entry name="boardcad/icons/PrintPreview24.gif" shared="false" uninstallMode="0"/>
<entry name="cadcore/BezierBoardCrossSection.class" shared="false" uninstallMode="0"/>
<entry name="cadcore/MathUtils$CurveLength.class" shared="false" uninstallMode="0"/>
<entry name="newkey" shared="false" uninstallMode="0"/>
<entry name="doc/boardcad/package-tree.html" shared="false" uninstallMode="0"/>
<entry name="Lib.jar" shared="false" uninstallMode="0"/>
<entry name="board/writers/StepWriter.class" shared="false" uninstallMode="0"/>
<entry name="boardcad/gui/jdk/ScaleBoardInputDialog$9.class" shared="false" uninstallMode="0"/>
<entry name="boardcad/icons/Paste24.gif" shared="false" uninstallMode="0"/>
<entry name="boardcad/gui/jdk/BrdInputCommand.class" shared="false" uninstallMode="0"/>
<entry name="boardcad/gui/jdk/BoardCAD$50.class" shared="false" uninstallMode="0"/>
<entry name="doc/boardcad/i18n/LanguageResource.html" shared="false" uninstallMode="0"/>
<entry name="doc/cadcore/BezierBoardCrossSection.html" shared="false" uninstallMode="0"/>
<entry name="boardcad/icons/PageSetup24.gif" shared="false" uninstallMode="0"/>
<entry name="cadcore/AbstractBezierBoardSurfaceModel.class" shared="false" uninstallMode="0"/>
<entry name="boardcad/icons/Copy24.gif" shared="false" uninstallMode="0"/>
<entry name="cadcore/BezierKnotChangeListener.class" shared="false" uninstallMode="0"/>
<entry name="doc/boardcad/gui/jdk/ControlPointInfo.html" shared="false" uninstallMode="0"/>
<entry name="boardcad/gui/jdk/ScaleBoardInputDialog$2.class" shared="false" uninstallMode="0"/>
<entry name="boardcad/gui/jdk/ColorEditor.class" shared="false" uninstallMode="0"/>
<entry name="gluegen-rt-natives-linux-amd64.jar" shared="false" uninstallMode="0"/>
<entry name="boardcad/icons/Replace16.gif" shared="false" uninstallMode="0"/>
<entry name="cadcore/NurbsPoint.class" shared="false" uninstallMode="0"/>
<entry name="doc/help-doc.html" shared="false" uninstallMode="0"/>
<entry name="boardcad/gui/jdk/ThreeDView$4.class" shared="false" uninstallMode="0"/>
<entry name="boardcad/icons/ZoomOut24.gif" shared="false" uninstallMode="0"/>
<entry name="BoardCAD.png" shared="false" uninstallMode="0"/>
<entry name="doc/cadcore/BezierKnotChangeListener.html" shared="false" uninstallMode="0"/>
<entry name="doc/board/writers/BrdWriter.html" shared="false" uninstallMode="0"/>
<entry name="boardcad/gui/jdk/Machine3DView$3.class" shared="false" uninstallMode="0"/>
<entry name="boardcad/print/PrintChamberedWoodTemplate.class" shared="false" uninstallMode="0"/>
<entry name="cadcore/BezierBoardLinearInterpolationSurfaceModel$1.class" shared="false" uninstallMode="0"/>
<entry name="boardcad/gui/jdk/ThreeDView2$1.class" shared="false" uninstallMode="0"/>
<entry name="boardcad/gui/jdk/BrdAbstractEditCommand$ControlPointChange.class" shared="false" uninstallMode="0"/>
<entry name="boardcam/toolpathgenerators/ext/SandwichCompensation$8.class" shared="false" uninstallMode="0"/>
<entry name="doc/boardcam/Scan.html" shared="false" uninstallMode="0"/>
<entry name="doc/boardcam/cutters/package-tree.html" shared="false" uninstallMode="0"/>
<entry name="boardcad/gui/jdk/BoardCAD$119.class" shared="false" uninstallMode="0"/>
<entry name="boardcad/gui/jdk/ThreeDView$3.class" shared="false" uninstallMode="0"/>
<entry name="doc/boardcad/gui/jdk/BoardEdit.html" shared="false" uninstallMode="0"/>
<entry name="boardcad/gui/jdk/ScaleBoardInputDialog$1.class" shared="false" uninstallMode="0"/>
<entry name="doc/cadcore/MathUtils.RootFinder.BisectRootFinder.html" shared="false" uninstallMode="0"/>
<entry name="boardcad/gui/jdk/BoardCAD$57.class" shared="false" uninstallMode="0"/>
<entry name="boardcad/settings/SettingsAction.java" shared="false" uninstallMode="0"/>
<entry name="boardcam/writers/CutWriter.java" shared="false" uninstallMode="0"/>
<entry name="doc/board/AbstractBoard.html" shared="false" uninstallMode="0"/>
<entry name="boardcad/settings/Settings$Enumeration.class" shared="false" uninstallMode="0"/>
<entry name="doc/cadcore/MathUtils.TwoParamFunction.html" shared="false" uninstallMode="0"/>
<entry name="doc/boardcad/gui/jdk/plugin/AbstractPluginHandler.html" shared="false" uninstallMode="0"/>
<entry name="boardcad/gui/jdk/BoardCAD$71.class" shared="false" uninstallMode="0"/>
<entry name="boardcad/icons/AlignTop24.gif" shared="false" uninstallMode="0"/>
<entry name="doc/boardcad/gui/jdk/BoardGuidePointsDialog.html" shared="false" uninstallMode="0"/>
<entry name="boardcad/icons/BoardCADdelcp24.gif" shared="false" uninstallMode="0"/>
<entry name="boardcad/icons/Import24.gif" shared="false" uninstallMode="0"/>
<entry name="flatcutter.stl" shared="false" uninstallMode="0"/>
<entry name="BoardCAD.jar" shared="false" uninstallMode="0"/>
<entry name="boardcad/gui/jdk/Machine3DView$1.class" shared="false" uninstallMode="0"/>
<entry name=".install4j/user.jar" shared="false" uninstallMode="2"/>
<entry name="boardcad/gui/jdk/BoardCAD$36.class" shared="false" uninstallMode="0"/>
<entry name="boardcad/print/PrintBrd.java" shared="false" uninstallMode="0"/>
<entry name="doc/boardcam/readers/package-frame.html" shared="false" uninstallMode="0"/>
<entry name="board/BezierBoard$1.class" shared="false" uninstallMode="0"/>
<entry name="doc/boardcad/settings/CategorizedSettings.html" shared="false" uninstallMode="0"/>
<entry name="boardcad/icons/AlignBottom16.gif" shared="false" uninstallMode="0"/>
<entry name="cachedir/packages/dnsns.pkc" shared="false" uninstallMode="0"/>
<entry name="cadcore/NurbsSurface.class" shared="false" uninstallMode="0"/>
<entry name="boardcad/gui/jdk/BoardCAD$59.class" shared="false" uninstallMode="0"/>
<entry name="boardcad/gui/jdk/BoardCAD$89.class" shared="false" uninstallMode="0"/>
<entry name="boardcam/cutters/.DS_Store" shared="false" uninstallMode="0"/>
<entry name="uninstall" shared="false" uninstallMode="0"/>
<entry name="boardcad/gui/jdk/BrdZoomCommand.class" shared="false" uninstallMode="0"/>
<entry name="cachedir/packages/AppleScriptEngine.pkc" shared="false" uninstallMode="0"/>
<entry name="cadcore/AxisAlignedBoundingBox.class" shared="false" uninstallMode="0"/>
<entry name="boardcad/print/PrintBrd.class" shared="false" uninstallMode="0"/>
<entry name="boardcam/cutters/RotatingBoardCutter.class" shared="false" uninstallMode="0"/>
<entry name="boardcad/gui/jdk/ThreeDView$1.class" shared="false" uninstallMode="0"/>
<entry name="boardcad/print/PrintSpecSheet.java" shared="false" uninstallMode="0"/>
<entry name="doc/boardcam/writers/GCodeWriterWithScaling.html" shared="false" uninstallMode="0"/>
<entry name="boardcad/icons/TipOfTheDay16.gif" shared="false" uninstallMode="0"/>
<entry name="cadcore/BezierUtil.class" shared="false" uninstallMode="0"/>
<entry name="boardcam/BoardMachine.class" shared="false" uninstallMode="0"/>
<entry name="flatcutter4axis.stl" shared="false" uninstallMode="0"/>
<entry name="boardcad/icons/add-controlpoint.png" shared="false" uninstallMode="0"/>
<entry name="boardcad/gui/jdk/BoardCAD$88.class" shared="false" uninstallMode="0"/>
<entry name="boardcad/gui/jdk/WeightCalculatorDialog.class" shared="false" uninstallMode="0"/>
<entry name="boardcad/gui/jdk/MachineConfigComponent.class" shared="false" uninstallMode="0"/>
<entry name="doc/boardcam/BoardMachine.html" shared="false" uninstallMode="0"/>
<entry name="boardcad/export/DxfDraw.java" shared="false" uninstallMode="0"/>
<entry name="cadcore/MathUtils$TwoParamFunctionXYZ.class" shared="false" uninstallMode="0"/>
<entry name="boardcad/gui/jdk/CategorizedSettingsComponent$1.class" shared="false" uninstallMode="0"/>
<entry name="boardcad/gui/jdk/WeightCalculatorDialog$1.class" shared="false" uninstallMode="0"/>
<entry name="boardcam/toolpathgenerators/AtuaCoresToolpathGenerator.java" shared="false" uninstallMode="0"/>
<entry name="boardcad/icons/BoardCADtoggle24x35.gif" shared="false" uninstallMode="0"/>
<entry name="boardcad/gui/jdk/SettingsComponent$1.class" shared="false" uninstallMode="0"/>
<entry name="boardcad/gui/jdk/BezierBoardDrawUtil$1.class" shared="false" uninstallMode="0"/>
<entry name="boardcad/i18n/LanguageResource_nl.properties" shared="false" uninstallMode="0"/>
<entry name="boardcad/gui/jdk/BoardHandler.class" shared="false" uninstallMode="0"/>
<entry name="boardcad/gui/jdk/OutlineView$2.class" shared="false" uninstallMode="0"/>
<entry name="boardcad/gui/jdk/BoardCAD$20.class" shared="false" uninstallMode="0"/>
<entry name="doc/boardcad/export/package-tree.html" shared="false" uninstallMode="0"/>
<entry name="boardcad/gui/jdk/MachineDialog$1.class" shared="false" uninstallMode="0"/>
<entry name="boardcad/print/PrintSandwichTemplates.class" shared="false" uninstallMode="0"/>
<entry name="cadcore/MathUtils$TwoParamDerivableFunction.class" shared="false" uninstallMode="0"/>
<entry name="boardcam/toolpathgenerators/ext/SandwichCompensation$6.class" shared="false" uninstallMode="0"/>
<entry name="boardcad/gui/jdk/ActionEditor.class" shared="false" uninstallMode="0"/>
<entry name="boardcad/gui/jdk/JOGLPanel.java" shared="false" uninstallMode="0"/>
<entry name="board/writers/BrdWriter.java" shared="false" uninstallMode="0"/>
<entry name="boardcad/gui/jdk/BoardCAD$86.class" shared="false" uninstallMode="0"/>
<entry name="mymanifest" shared="false" uninstallMode="0"/>
<entry name="boardcad/gui/jdk/BoardCAD$38.class" shared="false" uninstallMode="0"/>
<entry name="doc/boardcad/settings/SettingsAction.html" shared="false" uninstallMode="0"/>
<entry name="boardcad/gui/jdk/BoardFinsDialog$2.class" shared="false" uninstallMode="0"/>
<entry name="doc/board/BezierBoard.html" shared="false" uninstallMode="0"/>
<entry name="boardcad/gui/jdk/BoardSpec$5.class" shared="false" uninstallMode="0"/>
<entry name="boardcad/gui/jdk/plugin/AbstractPluginHandler$1.class" shared="false" uninstallMode="0"/>
<entry name="doc/boardcam/writers/AbstractMachineWriter.html" shared="false" uninstallMode="0"/>
<entry name="boardcad/ScriptLoader.java" shared="false" uninstallMode="0"/>
<entry name="boardcad/icons/AlignLeft16.gif" shared="false" uninstallMode="0"/>
<entry name="boardcad/icons/zoom-in.png" shared="false" uninstallMode="0"/>
<entry name="boardcad/icons/Bookmarks16.gif" shared="false" uninstallMode="0"/>
<entry name="boardcad/icons/help-contents.png" shared="false" uninstallMode="0"/>
<entry name="doc/boardcad/gui/jdk/WeightCalculatorDialog.html" shared="false" uninstallMode="0"/>
<entry name=".install4j/inst_jre.cfg" shared="false" uninstallMode="0"/>
<entry name="boardcad/gui/jdk/TwoValuesInputDialog$2.class" shared="false" uninstallMode="0"/>
<entry name="doc/board/readers/package-frame.html" shared="false" uninstallMode="0"/>
<entry name="vecmath.jar" shared="false" uninstallMode="0"/>
<entry name="doc/boardcad/gui/jdk/ComboBoxDialog.html" shared="false" uninstallMode="0"/>
<entry name="boardcad/gui/jdk/Machine2DView.java" shared="false" uninstallMode="0"/>
<entry name="boardcad/gui/jdk/BoardCAD$33.class" shared="false" uninstallMode="0"/>
<entry name="boardcam/holdingsystems/SupportsBlankHoldingSystem.java" shared="false" uninstallMode="0"/>
<entry name="board/.DS_Store" shared="false" uninstallMode="0"/>
<entry name="doc/boardcad/gui/jdk/AboutBox.html" shared="false" uninstallMode="0"/>
<entry name="boardcad/gui/jdk/BoardCAD$73.class" shared="false" uninstallMode="0"/>
<entry name="boardcad/gui/jdk/BoardCAD$1.class" shared="false" uninstallMode="0"/>
<entry name="boardcad/i18n/LanguageResource.properties" shared="false" uninstallMode="0"/>
<entry name="boardcad/icons/ZoomIn24.gif" shared="false" uninstallMode="0"/>
<entry name="board/readers/SrfReader.java" shared="false" uninstallMode="0"/>
<entry name="boardcad/icons/ZoomOut16.gif" shared="false" uninstallMode="0"/>
<entry name="boardcad/gui/jdk/BoardCAD$84.class" shared="false" uninstallMode="0"/>
<entry name="doc/board/readers/package-tree.html" shared="false" uninstallMode="0"/>
<entry name="boardcad/icons/Help24.gif" shared="false" uninstallMode="0"/>
<entry name="boardcad/gui/jdk/ComboBoxDialog.java" shared="false" uninstallMode="0"/>
<entry name="doc/boardcad/settings/Setting.html" shared="false" uninstallMode="0"/>
<entry name="boardcad/icons/Redo24.gif" shared="false" uninstallMode="0"/>
<entry name="boardcad/gui/jdk/SettingDialog$2.class" shared="false" uninstallMode="0"/>
<entry name="boardcad/gui/jdk/BoardInfo.class" shared="false" uninstallMode="0"/>
<entry name="boardcad/gui/jdk/ComboBoxDialog$2.class" shared="false" uninstallMode="0"/>
<entry name="cadcore/MathUtils$Integral.class" shared="false" uninstallMode="0"/>
<entry name="cachedir/packages/BoardCAD.pkc" shared="false" uninstallMode="0"/>
<entry name="doc/boardcad/print/PrintBrd.PrintState.html" shared="false" uninstallMode="0"/>
<entry name="doc/cadcore/MathUtils.RootFinder.html" shared="false" uninstallMode="0"/>
<entry name="doc/board/readers/package-summary.html" shared="false" uninstallMode="0"/>
<entry name="boardcad/gui/jdk/WeightCalculatorDialog$13.class" shared="false" uninstallMode="0"/>
<entry name="boardcam/BoardMachine.java" shared="false" uninstallMode="0"/>
<entry name="boardcad/gui/jdk/BoardCAD$77.class" shared="false" uninstallMode="0"/>
<entry name="board/writers/StepWriter.java" shared="false" uninstallMode="0"/>
<entry name="boardcad/gui/jdk/BoardCAD$27.class" shared="false" uninstallMode="0"/>
<entry name="boardcad/gui/jdk/BoardCAD$5.class" shared="false" uninstallMode="0"/>
<entry name="gluegen-rt-natives-linux-i586.jar" shared="false" uninstallMode="0"/>
<entry name="boardcad/gui/jdk/FileNameEditor.class" shared="false" uninstallMode="0"/>
<entry name="doc/boardcam/holdingsystems/RotatingBoardBlankHoldingSystem.html" shared="false" uninstallMode="0"/>
<entry name="boardcad/icons/Bookmarks24.gif" shared="false" uninstallMode="0"/>
<entry name="cachedir/packages/zipfs.pkc" shared="false" uninstallMode="0"/>
<entry name="boardcad/gui/jdk/BoardFinsDialog$1.class" shared="false" uninstallMode="0"/>
<entry name="postprocess.py" shared="false" uninstallMode="0"/>
<entry name="boardcad/icons/Information16.gif" shared="false" uninstallMode="0"/>
<entry name="doc/boardcad/gui/jdk/BullnoseCutterDialog.html" shared="false" uninstallMode="0"/>
<entry name="boardcad/ToDo" shared="false" uninstallMode="0"/>
<entry name="boardcad/gui/jdk/BoardEdit.class" shared="false" uninstallMode="0"/>
<entry name="boardcam/toolpathgenerators/ext/SandwichCompensation$2.class" shared="false" uninstallMode="0"/>
<entry name="boardcad/icons/SendMail24.gif" shared="false" uninstallMode="0"/>
<entry name="boardcad/gui/jdk/MachineView.class" shared="false" uninstallMode="0"/>
<entry name="boardcad/icons/New16.gif" shared="false" uninstallMode="0"/>
<entry name="cadcore/BezierSpline$2.class" shared="false" uninstallMode="0"/>
<entry name="boardcad/icons/icon outline and mill by jonas.png" shared="false" uninstallMode="0"/>
<entry name="boardcad/gui/jdk/WeightCalculatorDialog$13$1.class" shared="false" uninstallMode="0"/>
<entry name="cadcore/NurbsSurface.java" shared="false" uninstallMode="0"/>
<entry name="boardcad/gui/jdk/BullnoseCutterDialog.class" shared="false" uninstallMode="0"/>
<entry name="boardcam/toolpathgenerators/HotwireToolpathGenerator.class" shared="false" uninstallMode="0"/>
<entry name="boardcad/gui/jdk/BoardCAD$47$1.class" shared="false" uninstallMode="0"/>
<entry name="boardcam/toolpathgenerators/HotwireToolpathGenerator.java" shared="false" uninstallMode="0"/>
<entry name="boardcad/gui/jdk/BoardCAD$26.class" shared="false" uninstallMode="0"/>
<entry name="doc/boardcad/gui/jdk/BoardPreview.html" shared="false" uninstallMode="0"/>
<entry name=".install4j/i4jparams.conf" shared="false" uninstallMode="2"/>
<entry name="doc/cadcore/MathUtils.html" shared="false" uninstallMode="0"/>
<entry name="jogl-all-natives-linux-amd64.jar" shared="false" uninstallMode="0"/>
<entry name="boardcad/icons/mill png 256x256.png" shared="false" uninstallMode="0"/>
<entry name="boardcad/gui/jdk/BoardPreview.class" shared="false" uninstallMode="0"/>
<entry name="boardcad/gui/jdk/WeightCalculatorDialog$2.class" shared="false" uninstallMode="0"/>
<entry name="cachedir/packages/j3daudio.pkc" shared="false" uninstallMode="0"/>
<entry name="cachedir/packages/JObjC.pkc" shared="false" uninstallMode="0"/>
<entry name="boardcad/gui/jdk/TwoValuesInputDialog.class" shared="false" uninstallMode="0"/>
<entry name="boardcad/gui/jdk/BoardCAD$30.class" shared="false" uninstallMode="0"/>
<entry name="cadcore/BezierSpline$1.class" shared="false" uninstallMode="0"/>
<entry name="cachedir/packages/sunpkcs11.pkc" shared="false" uninstallMode="0"/>
<entry name="boardcad/gui/jdk/ComboBoxDialog.class" shared="false" uninstallMode="0"/>
<entry name="jythonconsole.jar" shared="false" uninstallMode="0"/>
<entry name="doc/package-list" shared="false" uninstallMode="0"/>
<entry name="boardcam/MachineConfig.java" shared="false" uninstallMode="0"/>
<entry name="boardcad/gui/jdk/BoardCAD$25.class" shared="false" uninstallMode="0"/>
<entry name="boardcad/icons/Edit16.gif" shared="false" uninstallMode="0"/>
<entry name="boardcad/icons/Refresh16.gif" shared="false" uninstallMode="0"/>
<entry name="board/readers/S3dReader.class" shared="false" uninstallMode="0"/>
<entry name="boardcad/gui/jdk/BoardCAD$19.class" shared="false" uninstallMode="0"/>
<entry name="doc/cadcore/package-tree.html" shared="false" uninstallMode="0"/>
<entry name="boardcad/gui/jdk/BoardCAD$81.class" shared="false" uninstallMode="0"/>
<entry name="gluegen-rt.jar" shared="false" uninstallMode="0"/>
<entry name="boardcad/gui/jdk/BoardCADSettings.java" shared="false" uninstallMode="0"/>
<entry name="boardcad/gui/jdk/WeightCalculatorDialog$12.class" shared="false" uninstallMode="0"/>
<entry name="boardcad/gui/jdk/BoardCAD$76.class" shared="false" uninstallMode="0"/>
<entry name="boardcad/gui/jdk/BoardCAD$4.class" shared="false" uninstallMode="0"/>
<entry name="boardcam/toolpathgenerators/HotwireToolpathGenerator2.class" shared="false" uninstallMode="0"/>
<entry name="boardcam/toolpathgenerators/HotwireToolpathGenerator2.java" shared="false" uninstallMode="0"/>
<entry name="doc/boardcad/gui/jdk/BoardSpec.html" shared="false" uninstallMode="0"/>
<entry name="boardcad/gui/jdk/WeightCalculatorDialog$3.class" shared="false" uninstallMode="0"/>
<entry name="doc/board/readers/BrdReader.html" shared="false" uninstallMode="0"/>
<entry name="cadcore/MathUtils.java" shared="false" uninstallMode="0"/>
<entry name="boardcad/icons/Print16.gif" shared="false" uninstallMode="0"/>
<entry name="boardcad/icons/Print24.gif" shared="false" uninstallMode="0"/>
<entry name="doc/cadcore/MathUtils.TwoParamDerivableFunction.html" shared="false" uninstallMode="0"/>
<entry name="boardcad/i18n/LanguageResource_no.properties" shared="false" uninstallMode="0"/>
<entry name="boardcad/icons/edit-redo.png" shared="false" uninstallMode="0"/>
<entry name="doc/boardcad/settings/Settings.FileName.html" shared="false" uninstallMode="0"/>
<entry name="boardcad/icons/BoardCAD png 16x16 upright.png" shared="false" uninstallMode="0"/>
<entry name="doc/board/writers/package-frame.html" shared="false" uninstallMode="0"/>
<entry name="boardcad/icons/save.png" shared="false" uninstallMode="0"/>
<entry name="boardcad/settings/CategorizedSettings$CategorySettingsChangeListener.class" shared="false" uninstallMode="0"/>
<entry name="gluegen-rt-natives-windows-i586.jar" shared="false" uninstallMode="0"/>
<entry name="doc/cadcore/MathUtils.RootFinder.NewtonRaphsonRootFinder.html" shared="false" uninstallMode="0"/>
<entry name="doc/cadcore/MathUtils.Integral.html" shared="false" uninstallMode="0"/>
<entry name="boardcam/cutters/RotatingBoardCutter$1.class" shared="false" uninstallMode="0"/>
<entry name="boardcad/gui/jdk/SetCurrentCommandAction.class" shared="false" uninstallMode="0"/>
<entry name="cadcore/BezierBoardControlPointInterpolationSurfaceModel$3.class" shared="false" uninstallMode="0"/>
<entry name="boardcad/icons/Paste16.gif" shared="false" uninstallMode="0"/>
<entry name="boardcad/gui/jdk/BoardCAD$35.class" shared="false" uninstallMode="0"/>
<entry name="cadcore/MathUtils.class" shared="false" uninstallMode="0"/>
<entry name="board/readers/StepReader.java" shared="false" uninstallMode="0"/>
<entry name="doc/board/writers/S3DWriter.html" shared="false" uninstallMode="0"/>
<entry name="boardcad/gui/jdk/BoardCAD$9.class" shared="false" uninstallMode="0"/>
<entry name="boardcad/icons/Refresh24.gif" shared="false" uninstallMode="0"/>
<entry name="boardcad/settings/Settings.java" shared="false" uninstallMode="0"/>
<entry name="boardcam/cutters/AbstractCutter.java" shared="false" uninstallMode="0"/>
<entry name="doc/cadcore/MathUtils.Integral.TrapezoidRuleIntegral.html" shared="false" uninstallMode="0"/>
<entry name="boardcad/icons/BoardCADaddgp24.gif" shared="false" uninstallMode="0"/>
<entry name="boardcad/icons/edit-undo.png" shared="false" uninstallMode="0"/>
<entry name="doc/boardcad/gui/jdk/plugin/package-summary.html" shared="false" uninstallMode="0"/>
<entry name="doc/cadcore/MathUtils.FunctionXYZ.html" shared="false" uninstallMode="0"/>
<entry name="boardcad/icons/Copy16.gif" shared="false" uninstallMode="0"/>
<entry name="boardcad/icons/Cut16.gif" shared="false" uninstallMode="0"/>
<entry name="doc/boardcad/settings/package-frame.html" shared="false" uninstallMode="0"/>
<entry name="boardcad/gui/jdk/BoardGuidePointsDialog.java" shared="false" uninstallMode="0"/>
<entry name="boardcad/gui/jdk/BoardCAD$69.class" shared="false" uninstallMode="0"/>
<entry name="cadcore/MathUtils$RootFinder$SecantRootFinder.class" shared="false" uninstallMode="0"/>
<entry name="boardcad/icons/Open24.gif" shared="false" uninstallMode="0"/>
<entry name="shapebot5deck.py" shared="false" uninstallMode="0"/>
<entry name="boardcad/gui/jdk/Machine3DView.class" shared="false" uninstallMode="0"/>
<entry name="cadcore/BezierBoardSLinearInterpolationSurfaceModel.class" shared="false" uninstallMode="0"/>
<entry name="flatcutter5axis.stl" shared="false" uninstallMode="0"/>
<entry name="shapebot4bottom.py" shared="false" uninstallMode="0"/>
<entry name="boardcam/toolpathgenerators/AbstractToolpathGenerator$1.class" shared="false" uninstallMode="0"/>
<entry name="cachedir/packages/mlibwrapper_jai.pkc" shared="false" uninstallMode="0"/>
<entry name="boardcad/gui/jdk/plugin/AbstractPlugin.class" shared="false" uninstallMode="0"/>
<entry name="boardcad/gui/jdk/BoardCAD$22.class" shared="false" uninstallMode="0"/>
<entry name="boardcam/toolpathgenerators/ext/SandwichCompensation$3.class" shared="false" uninstallMode="0"/>
<entry name="doc/resources/titlebar.gif" shared="false" uninstallMode="0"/>
<entry name="boardcad/gui/jdk/BoardFileView.java" shared="false" uninstallMode="0"/>
<entry name="boardcad/gui/jdk/ColorRenderer.class" shared="false" uninstallMode="0"/>
<entry name="boardcad/print/PrintBrd$PrintState.class" shared="false" uninstallMode="0"/>
<entry name="cadcore/NurbsPoint.java" shared="false" uninstallMode="0"/>
<entry name="boardcad/gui/jdk/BrdGuidePointsDialog.java" shared="false" uninstallMode="0"/>
<entry name="doc/boardcad/gui/jdk/BoardFileView.html" shared="false" uninstallMode="0"/>
<entry name="doc/boardcad/gui/jdk/package-frame.html" shared="false" uninstallMode="0"/>
<entry name="doc/boardcam/readers/package-tree.html" shared="false" uninstallMode="0"/>
<entry name="shapebot.properties" shared="false" uninstallMode="0"/>
<entry name="boardcad/gui/jdk/BoardCAD$68.class" shared="false" uninstallMode="0"/>
<entry name="boardcad/icons/SendMail16.gif" shared="false" uninstallMode="0"/>
<entry name="boardcam/readers/GCodeReader.class" shared="false" uninstallMode="0"/>
<entry name="boardcam/writers/AtuaCoresMachineWriter.java" shared="false" uninstallMode="0"/>
<entry name="boardcam/writers/GCodeWriter.java" shared="false" uninstallMode="0"/>
<entry name="boardcam/holdingsystems/AbstractBlankHoldingSystem.java" shared="false" uninstallMode="0"/>
<entry name="boardcad/export/DxfExport.class" shared="false" uninstallMode="0"/>
<entry name="boardcad/gui/jdk/BoardCAD$64.class" shared="false" uninstallMode="0"/>
<entry name="boardcad/gui/jdk/BoardCADSettingsDialog.class" shared="false" uninstallMode="0"/>
<entry name="boardcad/gui/jdk/MachineView.java" shared="false" uninstallMode="0"/>
<entry name="cadcore/BezierBoardLinearInterpolationSurfaceModel.class" shared="false" uninstallMode="0"/>
<entry name="boardcad/gui/jdk/BoardCAD$21.class" shared="false" uninstallMode="0"/>
<entry name="boardcam/holdingsystems/RotatingBoardBlankHoldingSystem.class" shared="false" uninstallMode="0"/>
<entry name="boardcad/icons/BoardCAD png 16x16.png" shared="false" uninstallMode="0"/>
<entry name="boardcad/icons/New24.gif" shared="false" uninstallMode="0"/>
<entry name="boardcad/gui/jdk/BoardCAD$34.class" shared="false" uninstallMode="0"/>
<entry name="boardcad/gui/jdk/BrdAddControlPointCommand.class" shared="false" uninstallMode="0"/>
<entry name="boardcad/icons/Redo16.gif" shared="false" uninstallMode="0"/>
<entry name="boardcad/gui/jdk/BullnoseCutterDialog.java" shared="false" uninstallMode="0"/>
<entry name="doc/boardcad/gui/jdk/BezierBoardDrawUtil.html" shared="false" uninstallMode="0"/>
<entry name="board/BezierBoard$3.class" shared="false" uninstallMode="0"/>
<entry name="boardcad/gui/jdk/OutlineView$1.class" shared="false" uninstallMode="0"/>
<entry name="boardcad/gui/jdk/BoardGuidePointsDialog$4.class" shared="false" uninstallMode="0"/>
<entry name="boardcam/holdingsystems/SupportsBlankHoldingSystem$1.class" shared="false" uninstallMode="0"/>
<entry name="boardcad/gui/jdk/SettingDialog.class" shared="false" uninstallMode="0"/>
<entry name="boardcad/icons/Undo16.gif" shared="false" uninstallMode="0"/>
<entry name="boardcad/icons/Edit24.gif" shared="false" uninstallMode="0"/>
<entry name="boardcam/Scan.java" shared="false" uninstallMode="0"/>
<entry name="boardcad/export/PdfDraw.class" shared="false" uninstallMode="0"/>
<entry name="boardcad/gui/jdk/ThreeDView2.class" shared="false" uninstallMode="0"/>
<entry name="doc/cadcore/BezierUtil.html" shared="false" uninstallMode="0"/>
<entry name="boardcad/icons/BoardCADtoggle24x35.png" shared="false" uninstallMode="0"/>
<entry name=".install4j/install.prop" shared="false" uninstallMode="0"/>
<entry name="boardcad/gui/jdk/BoardCAD$100.class" shared="false" uninstallMode="0"/>
<entry name="boardcad/icons/Add24.gif" shared="false" uninstallMode="0"/>
<entry name="boardcad/icons/zoom-fit-best.png" shared="false" uninstallMode="0"/>
<entry name="boardcad/gui/jdk/BoardFinsDialog.class" shared="false" uninstallMode="0"/>
<entry name="boardcad/gui/jdk/Machine2DView$BrdPositionCommand.class" shared="false" uninstallMode="0"/>
<entry name="boardcam/toolpathgenerators/SurfaceSplitsToolpathGenerator$1.class" shared="false" uninstallMode="0"/>
<entry name="doc/boardcad/print/PrintSandwichTemplates.PrintState.html" shared="false" uninstallMode="0"/>
<entry name="boardcad/gui/jdk/BrdRotateViewCommand.class" shared="false" uninstallMode="0"/>
<entry name="boardcad/gui/jdk/QuadView.class" shared="false" uninstallMode="0"/>
<entry name="shapebot3deck.py" shared="false" uninstallMode="0"/>
<entry name="boardcad/icons/Information24.gif" shared="false" uninstallMode="0"/>
<entry name="boardcad/gui/jdk/BoardCAD$42.class" shared="false" uninstallMode="0"/>
<entry name="boardcad/BoardCAD" shared="false" uninstallMode="0"/>
<entry name="boardcad/gui/jdk/MachineConfigComponent.java" shared="false" uninstallMode="0"/>
<entry name="boardcad/gui/jdk/BoardInfo.java" shared="false" uninstallMode="0"/>
<entry name="boardcam/writers/AbstractMachineWriter.class" shared="false" uninstallMode="0"/>
<entry name="boardcad/icons/new.png" shared="false" uninstallMode="0"/>
<entry name="boardcad/icons/zoom-1to1.png" shared="false" uninstallMode="0"/>
<entry name=".install4j/BoardCAD.png" shared="false" uninstallMode="2"/>
<entry name="boardcad/gui/jdk/BezierBoardDrawUtil.java" shared="false" uninstallMode="0"/>
<entry name="boardcad/icons/open.png" shared="false" uninstallMode="0"/>
<entry name="boardcad/gui/jdk/BoardCAD$93.class" shared="false" uninstallMode="0"/>
<entry name="boardcad/gui/jdk/RockerView.class" shared="false" uninstallMode="0"/>
<entry name="boardcam/toolpathgenerators/ext/SandwichCompensation$7.class" shared="false" uninstallMode="0"/>
<entry name="cachedir/packages/dns_sd.pkc" shared="false" uninstallMode="0"/>
<entry name="boardcad/gui/jdk/BoardGuidePointsDialog.class" shared="false" uninstallMode="0"/>
<entry name="cachedir/packages/jogl-all.pkc" shared="false" uninstallMode="0"/>
<entry name="boardcad/gui/jdk/BoardCAD$13.class" shared="false" uninstallMode="0"/>
<entry name="doc/boardcam/holdingsystems/AbstractBlankHoldingSystem.html" shared="false" uninstallMode="0"/>
<entry name="boardcad/gui/jdk/GhostCommand.class" shared="false" uninstallMode="0"/>
<entry name="doc/boardcad/package-frame.html" shared="false" uninstallMode="0"/>
<entry name="boardcad/ScriptLoader.class" shared="false" uninstallMode="0"/>
<entry name="boardcad/gui/jdk/BoardCAD$33$1.class" shared="false" uninstallMode="0"/>
<entry name="cachedir/packages/jfr.pkc" shared="false" uninstallMode="0"/>
<entry name="boardcad/gui/jdk/BrdAddGuidePointCommand.class" shared="false" uninstallMode="0"/>
<entry name="doc/boardcam/package-tree.html" shared="false" uninstallMode="0"/>
<entry name="board/readers/SrfReader.class" shared="false" uninstallMode="0"/>
<entry name="doc/serialized-form.html" shared="false" uninstallMode="0"/>
<entry name="boardcad/gui/jdk/WeightCalculatorDialog$7.class" shared="false" uninstallMode="0"/>
<entry name="boardcad/gui/jdk/Machine3DView$2.class" shared="false" uninstallMode="0"/>
<entry name="cadcore/BezierBoardSLinearInterpolationSurfaceModel.java" shared="false" uninstallMode="0"/>
<entry name="boardcad/export/GCodeDraw.class" shared="false" uninstallMode="0"/>
<entry name="doc/overview-frame.html" shared="false" uninstallMode="0"/>
<entry name="boardcam/readers/CutReader.java" shared="false" uninstallMode="0"/>
<entry name="boardcad/icons/remove-controlpoint.png" shared="false" uninstallMode="0"/>
<entry name="doc/boardcad/gui/jdk/CategorizedSettingsComponent.html" shared="false" uninstallMode="0"/>
<entry name="board/MeshBoard.class" shared="false" uninstallMode="0"/>
<entry name="doc/boardcam/package-summary.html" shared="false" uninstallMode="0"/>
<entry name="board/writers/BrdWriter.class" shared="false" uninstallMode="0"/>
<entry name="boardcad/i18n/LanguageResource_fr.properties" shared="false" uninstallMode="0"/>
<entry name="boardcam/toolpathgenerators/WidthSplitsToolpathGenerator$State.class" shared="false" uninstallMode="0"/>
<entry name="boardcad/DefaultBrds.java" shared="false" uninstallMode="0"/>
<entry name="boardcad/gui/jdk/BoardCAD$80.class" shared="false" uninstallMode="0"/>
<entry name="doc/boardcad/gui/jdk/package-tree.html" shared="false" uninstallMode="0"/>
<entry name="doc/boardcad/print/PrintSpecSheet.html" shared="false" uninstallMode="0"/>
<entry name="boardcad/gui/jdk/RockerView$2.class" shared="false" uninstallMode="0"/>
<entry name="boardcad/print/PrintSpecSheet.class" shared="false" uninstallMode="0"/>
<entry name="boardcad/gui/jdk/BoardCAD$18.class" shared="false" uninstallMode="0"/>
<entry name="boardcad/gui/jdk/BoardCAD$98.class" shared="false" uninstallMode="0"/>
<entry name="doc/cadcore/package-summary.html" shared="false" uninstallMode="0"/>
<entry name="doc/boardcad/gui/jdk/package-summary.html" shared="false" uninstallMode="0"/>
<entry name="boardcad/gui/jdk/BoardCAD$39.class" shared="false" uninstallMode="0"/>
<entry name="boardcad/gui/jdk/BoardCAD$72.class" shared="false" uninstallMode="0"/>
<entry name="doc/boardcad/gui/jdk/BoardFinsDialog.html" shared="false" uninstallMode="0"/>
<entry name="cachedir/packages/j3dcore.pkc" shared="false" uninstallMode="0"/>
<entry name="doc/boardcad/settings/CategorizedSettings.CategorySettingsChangeListener.html" shared="false" uninstallMode="0"/>
<entry name="boardcad/gui/jdk/BoardSpec$4.class" shared="false" uninstallMode="0"/>
<entry name="cadcore/Triangle.java" shared="false" uninstallMode="0"/>
<entry name="boardcam/toolpathgenerators/WidthSplitsToolpathGenerator.java" shared="false" uninstallMode="0"/>
<entry name="boardcad/gui/jdk/BoardCAD$85.class" shared="false" uninstallMode="0"/>
<entry name="cadcore/BezierUtil.java" shared="false" uninstallMode="0"/>
<entry name="boardcad/gui/jdk/BrdEditSplitPane.class" shared="false" uninstallMode="0"/>
<entry name="boardcad/print/PrintHollowWoodTemplates.java" shared="false" uninstallMode="0"/>
<entry name="doc/cadcore/MathUtils.TwoParamFunctionXYZ.html" shared="false" uninstallMode="0"/>
<entry name="gluegen-rt-natives-macosx-universal.jar" shared="false" uninstallMode="0"/>
<entry name="boardcad/gui/jdk/BrdGuidePointsDialog$2.class" shared="false" uninstallMode="0"/>
<entry name="boardcad/settings/CategorizedSettings.java" shared="false" uninstallMode="0"/>
<entry name="boardcad/gui/jdk/StatusPanel.java" shared="false" uninstallMode="0"/>
<entry name="doc/boardcad/DefaultBrds.html" shared="false" uninstallMode="0"/>
<entry name=".install4j/s_zasq4s.png" shared="false" uninstallMode="2"/>
<entry name="board/NurbsBoard.java" shared="false" uninstallMode="0"/>
<entry name="doc/boardcad/print/package-summary.html" shared="false" uninstallMode="0"/>
<entry name="boardcad/gui/jdk/NurbsEditCommand.class" shared="false" uninstallMode="0"/>
<entry name="doc/boardcad/gui/jdk/BoardDraw.html" shared="false" uninstallMode="0"/>
<entry name="doc/boardcad/FileTools.html" shared="false" uninstallMode="0"/>
<entry name="boardcad/gui/jdk/BoardCAD$106.class" shared="false" uninstallMode="0"/>
<entry name="doc/boardcad/settings/Settings.Enumeration.html" shared="false" uninstallMode="0"/>
<entry name="boardcad/export/GCodeDraw.java" shared="false" uninstallMode="0"/>
<entry name="boardcad/gui/jdk/EdgeView$2.class" shared="false" uninstallMode="0"/>
<entry name="doc/board/package-frame.html" shared="false" uninstallMode="0"/>
<entry name="cadcore/BezierBoardCrossSection.java" shared="false" uninstallMode="0"/>
<entry name="boardcad/gui/jdk/SettingsComponent.java" shared="false" uninstallMode="0"/>
<entry name="cadcore/BezierCurve.java" shared="false" uninstallMode="0"/>
<entry name="boardcad/i18n/LanguageResource_en.properties" shared="false" uninstallMode="0"/>
<entry name="doc/boardcam/writers/AtuaCoresMachineWriter.html" shared="false" uninstallMode="0"/>
<entry name="boardcad/gui/jdk/BoardCAD$109.class" shared="false" uninstallMode="0"/>
<entry name="boardcad/gui/jdk/BoardCAD$47.class" shared="false" uninstallMode="0"/>
<entry name="boardcam/holdingsystems/AbstractBlankHoldingSystem.class" shared="false" uninstallMode="0"/>
<entry name="boardcad/gui/jdk/BoardCAD$97.class" shared="false" uninstallMode="0"/>
<entry name="boardcam/cutters/SimpleBullnoseCutter.java" shared="false" uninstallMode="0"/>
<entry name="boardcad/gui/jdk/Machine2DView.class" shared="false" uninstallMode="0"/>
<entry name="doc/cadcore/MathUtils.Integral.SimpsonsRuleIntegral.html" shared="false" uninstallMode="0"/>
<entry name="j3dutils.jar" shared="false" uninstallMode="0"/>
<entry name="cadcore/BezierBoardSLinearInterpolationSurfaceModel$1.class" shared="false" uninstallMode="0"/>
<entry name="boardcad/gui/jdk/ControlPointInfo$2.class" shared="false" uninstallMode="0"/>
<entry name="boardcad/icons/PrintPreview16.gif" shared="false" uninstallMode="0"/>
<entry name="boardcad/gui/jdk/BoardCAD$120.class" shared="false" uninstallMode="0"/>
<entry name="board/readers/BrdReader.java" shared="false" uninstallMode="0"/>
<entry name="cadcore/BezierSpline.java" shared="false" uninstallMode="0"/>
<entry name="boardcad/gui/jdk/BoardCAD$26$1.class" shared="false" uninstallMode="0"/>
<entry name="boardcad/icons/BoardCAD png 256x256.png" shared="false" uninstallMode="0"/>
<entry name="boardcam/cutters/STLCutter.class" shared="false" uninstallMode="0"/>
<entry name="doc/boardcad/package-summary.html" shared="false" uninstallMode="0"/>
<entry name="boardcad/gui/jdk/BrdGuidePointsDialog$4.class" shared="false" uninstallMode="0"/>
<entry name="boardcam/cutters/SimpleBullnoseCutter$1.class" shared="false" uninstallMode="0"/>
<entry name="cadcore/BezierKnotChangeListener.java" shared="false" uninstallMode="0"/>
<entry name="disc.stl" shared="false" uninstallMode="0"/>
<entry name="boardcam/MachineConfig$8.class" shared="false" uninstallMode="0"/>
<entry name="boardcad/gui/jdk/BoardCAD$99.class" shared="false" uninstallMode="0"/>
<entry name="boardcad/gui/jdk/BoardCAD$49.class" shared="false" uninstallMode="0"/>
<entry name="doc/boardcam/holdingsystems/package-tree.html" shared="false" uninstallMode="0"/>
<entry name="boardcad/gui/jdk/ControlPointInfo$3.class" shared="false" uninstallMode="0"/>
<entry name="boardcad/gui/jdk/BoardCAD$107.class" shared="false" uninstallMode="0"/>
<entry name="board/readers/BrdReader.class" shared="false" uninstallMode="0"/>
<entry name="boardcad/gui/jdk/ScaleBoardInputDialog.class" shared="false" uninstallMode="0"/>
<entry name="cadcore/UnitUtils.java" shared="false" uninstallMode="0"/>
<entry name="boardcad/icons/mill png 32x32.png" shared="false" uninstallMode="0"/>
<entry name="doc/cadcore/Triangle.html" shared="false" uninstallMode="0"/>
<entry name="boardcad/settings/Settings$Measurement.class" shared="false" uninstallMode="0"/>
<entry name="jogl-all-natives-windows-i586.jar" shared="false" uninstallMode="0"/>
<entry name="boardcam/MachineConfig$9.class" shared="false" uninstallMode="0"/>
<entry name="cadcore/MathUtils$Integral$SimpsonsRuleIntegral.class" shared="false" uninstallMode="0"/>
<entry name="doc/boardcam/writers/GCodeWriter.html" shared="false" uninstallMode="0"/>
<entry name="boardcad/settings/Settings.class" shared="false" uninstallMode="0"/>
<entry name="cachedir/packages/vecmath.pkc" shared="false" uninstallMode="0"/>
<entry name="boardcad/gui/jdk/BrdAddCrossSectionCommand.class" shared="false" uninstallMode="0"/>
<entry name="boardcam/writers/AtuaCoresMachineWriter.class" shared="false" uninstallMode="0"/>
<entry name="boardcad/settings/SettingsAction.class" shared="false" uninstallMode="0"/>
<entry name="doc/board/readers/SrfReader.html" shared="false" uninstallMode="0"/>
<entry name="boardcad/print/PrintHollowWoodTemplates$PrintState.class" shared="false" uninstallMode="0"/>
<entry name="doc/boardcad/gui/jdk/Machine3DView.html" shared="false" uninstallMode="0"/>
<entry name="boardcad/gui/jdk/BoardCAD$48.class" shared="false" uninstallMode="0"/>
<entry name="doc/overview-tree.html" shared="false" uninstallMode="0"/>
<entry name="board/writers/S3DWriter.java" shared="false" uninstallMode="0"/>
<entry name="boardcad/gui/jdk/BoardCAD$108.class" shared="false" uninstallMode="0"/>
<entry name="boardcad/gui/jdk/ControlPointInfo$4.class" shared="false" uninstallMode="0"/>
<entry name="boardcad/icons/Undo24.gif" shared="false" uninstallMode="0"/>
<entry name="boardcad/gui/jdk/OutlineView.class" shared="false" uninstallMode="0"/>
<entry name="board/AbstractBoard.java" shared="false" uninstallMode="0"/>
<entry name="boardcad/gui/jdk/BoardCAD.class" shared="false" uninstallMode="0"/>
<entry name="boardcad/icons/BoardCAD ico 32x32.ico" shared="false" uninstallMode="0"/>
<entry name="doc/allclasses-noframe.html" shared="false" uninstallMode="0"/>
<entry name="cadcore/BezierBoardSLinearInterpolationSurfaceModel$2.class" shared="false" uninstallMode="0"/>
<entry name="doc/boardcam/toolpathgenerators/WidthSplitsToolpathGenerator.html" shared="false" uninstallMode="0"/>
<entry name="boardcad/gui/jdk/TwoValuesInputDialog.java" shared="false" uninstallMode="0"/>
<entry name="boardcad/gui/jdk/BoardGuidePointsDialog$5.class" shared="false" uninstallMode="0"/>
<entry name="doc/boardcad/i18n/package-summary.html" shared="false" uninstallMode="0"/>
<entry name="doc/boardcad/print/PrintHollowWoodTemplates.html" shared="false" uninstallMode="0"/>
<entry name="boardcad/gui/jdk/BoardGuidePointsDialog$1$1.class" shared="false" uninstallMode="0"/>
<entry name="boardcad/export/DxfDraw.class" shared="false" uninstallMode="0"/>
<entry name="boardcad/gui/jdk/plugin/AbstractPluginHandler.java" shared="false" uninstallMode="0"/>
<entry name="boardcad/icons/ContextualHelp24.gif" shared="false" uninstallMode="0"/>
<entry name="boardcam/MachineConfig$4.class" shared="false" uninstallMode="0"/>
<entry name="boardcam/holdingsystems/EndClampsBlankHoldingSystem.java" shared="false" uninstallMode="0"/>
<entry name="boardcad/AbstractDraw.class" shared="false" uninstallMode="0"/>
<entry name="boardcad/gui/jdk/BoardCAD$95.class" shared="false" uninstallMode="0"/>
<entry name="doc/boardcam/writers/package-summary.html" shared="false" uninstallMode="0"/>
<entry name="boardcad/gui/jdk/BrdPasteCrossSectionCommand.class" shared="false" uninstallMode="0"/>
<entry name="cadcore/MathUtils$Integral$TrapezoidRuleIntegral.class" shared="false" uninstallMode="0"/>
<entry name="doc/boardcad/settings/package-tree.html" shared="false" uninstallMode="0"/>
<entry name="boardcad/icons/Replace24.gif" shared="false" uninstallMode="0"/>
<entry name="boardcad/gui/jdk/BoardCAD$63.class" shared="false" uninstallMode="0"/>
<entry name="cadcore/BezierSpline.class" shared="false" uninstallMode="0"/>
<entry name="boardcam/toolpathgenerators/HotwireToolpathGenerator$State.class" shared="false" uninstallMode="0"/>
<entry name="boardcad/gui/jdk/BoardCAD$43.class" shared="false" uninstallMode="0"/>
<entry name="doc/cadcore/NurbsPoint.html" shared="false" uninstallMode="0"/>
<entry name="gluegen-rt-natives-windows-amd64.jar" shared="false" uninstallMode="0"/>
<entry name="boardcam/toolpathgenerators/AtuaCoresToolpathGenerator.class" shared="false" uninstallMode="0"/>
<entry name="boardcad/gui/jdk/StatusPanel.class" shared="false" uninstallMode="0"/>
<entry name="boardcad/gui/jdk/BoardCADSettingsDialog.java" shared="false" uninstallMode="0"/>
<entry name="boardcad/gui/jdk/JOGLPanel.class" shared="false" uninstallMode="0"/>
<entry name="boardcad/icons/BoardCADpan24.gif" shared="false" uninstallMode="0"/>
<entry name="boardcad/icons/Open16.gif" shared="false" uninstallMode="0"/>
<entry name="boardcad/gui/jdk/ThreeDView$ThreeDMouse.class" shared="false" uninstallMode="0"/>
<entry name="boardcad/gui/jdk/EnumEditor.class" shared="false" uninstallMode="0"/>
<entry name="boardcad/gui/jdk/BoardCAD$62.class" shared="false" uninstallMode="0"/>
<entry name="cadcore/BezierBoardSLinearInterpolationSurfaceModel$3.class" shared="false" uninstallMode="0"/>
<entry name="boardcad/gui/jdk/BrdGuidePointsDialog$1.class" shared="false" uninstallMode="0"/>
<entry name="boardcad/gui/jdk/BoardGuidePointsDialog$6.class" shared="false" uninstallMode="0"/>
<entry name="boardcad/print/PrintHollowWoodTemplates$1.class" shared="false" uninstallMode="0"/>
<entry name="boardcad_init.py" shared="false" uninstallMode="0"/>
<entry name="cachedir/packages/localedata.pkc" shared="false" uninstallMode="0"/>
<entry name="doc/boardcam/holdingsystems/SupportsBlankHoldingSystem.html" shared="false" uninstallMode="0"/>
<entry name="boardcam/MachineConfig$5.class" shared="false" uninstallMode="0"/>
<entry name="doc/cadcore/MathUtils.Function.html" shared="false" uninstallMode="0"/>
<entry name="boardcad/gui/jdk/BoardCAD$104.class" shared="false" uninstallMode="0"/>
<entry name="cadcore/VecMath.class" shared="false" uninstallMode="0"/>
<entry name="boardcad/gui/jdk/BoardCAD$10.class" shared="false" uninstallMode="0"/>
<entry name="boardcad/icons/add-guidepoint.png" shared="false" uninstallMode="0"/>
<entry name="boardcad/gui/jdk/BoardCAD$105.class" shared="false" uninstallMode="0"/>
<entry name="doc/boardcam/package-frame.html" shared="false" uninstallMode="0"/>
<entry name="board/readers/S3dReader.java" shared="false" uninstallMode="0"/>
<entry name="doc/allclasses-frame.html" shared="false" uninstallMode="0"/>
<entry name="boardcad/icons/SaveAll16.gif" shared="false" uninstallMode="0"/>
<entry name="boardcad/icons/AlignCenter24.gif" shared="false" uninstallMode="0"/>
<entry name="cadcore/AbstractBezierBoardSurfaceModel.java" shared="false" uninstallMode="0"/>
<entry name="doc/boardcad/i18n/package-frame.html" shared="false" uninstallMode="0"/>
<entry name="doc/resources/titlebar_end.gif" shared="false" uninstallMode="0"/>
<entry name="cadcore/MathUtils$TwoParamFunction.class" shared="false" uninstallMode="0"/>
<entry name="cadcore/MathUtils$Function.class" shared="false" uninstallMode="0"/>
<entry name="doc/boardcad/gui/jdk/plugin/AbstractPlugin.html" shared="false" uninstallMode="0"/>
<entry name="boardcad/gui/jdk/BoardCAD$96.class" shared="false" uninstallMode="0"/>
<entry name="boardcad/gui/jdk/BoardFileView.class" shared="false" uninstallMode="0"/>
<entry name="boardcad/gui/jdk/ControlPointInfo$1.class" shared="false" uninstallMode="0"/>
<entry name="doc/resources/tab.gif" shared="false" uninstallMode="0"/>
<entry name="doc/boardcad/gui/jdk/JavaDraw.html" shared="false" uninstallMode="0"/>
<entry name="boardcad/icons/Cut24.gif" shared="false" uninstallMode="0"/>
<entry name="boardcad/export/PdfDraw.java" shared="false" uninstallMode="0"/>
<entry name="boardcad/i18n/LanguageResource.java" shared="false" uninstallMode="0"/>
<entry name="boardcam/MachineConfig$3.class" shared="false" uninstallMode="0"/>
<entry name="doc/boardcam/cutters/AbstractCutter.html" shared="false" uninstallMode="0"/>
<entry name="doc/cadcore/BezierSpline.html" shared="false" uninstallMode="0"/>
<entry name="boardcad/gui/jdk/BoardCAD$48$1.class" shared="false" uninstallMode="0"/>
<entry name="boardcad/gui/jdk/BoardCAD$94.class" shared="false" uninstallMode="0"/>
<entry name="boardcad/gui/jdk/BoardCAD$41.class" shared="false" uninstallMode="0"/>
<entry name="boardcad/gui/jdk/BoardGuidePointsDialog$1.class" shared="false" uninstallMode="0"/>
<entry name="doc/boardcad/print/PrintHollowWoodTemplates.PrintState.html" shared="false" uninstallMode="0"/>
<entry name="shapebot5bottom.py" shared="false" uninstallMode="0"/>
<entry name="boardcad/gui/jdk/BoardCAD$44.class" shared="false" uninstallMode="0"/>
<entry name="boardcad/icons/Help16.gif" shared="false" uninstallMode="0"/>
<entry name="boardcad/gui/jdk/BoardHandler.java" shared="false" uninstallMode="0"/>
<entry name="jogl-all-natives-macosx-universal.jar" shared="false" uninstallMode="0"/>
<entry name="doc/boardcad/print/PrintBrd.html" shared="false" uninstallMode="0"/>
<entry name="boardcad/gui/jdk/BoardCAD$14.class" shared="false" uninstallMode="0"/>
<entry name="boardcad/icons/mill png 16x16 upright.png" shared="false" uninstallMode="0"/>
<entry name="boardcad/i18n/LanguageResource_en_US.properties" shared="false" uninstallMode="0"/>
<entry name="boardcad/gui/jdk/BrdMoveCrossSectionCommand.class" shared="false" uninstallMode="0"/>
<entry name="doc/boardcad/settings/package-summary.html" shared="false" uninstallMode="0"/>
<entry name=".install4j/i4j_extf_1_17mapa5.txt" shared="false" uninstallMode="2"/>
<entry name="boardcad/icons/Find16.gif" shared="false" uninstallMode="0"/>
<entry name="cachedir/packages/sunec.pkc" shared="false" uninstallMode="0"/>
<entry name="boardcad/gui/jdk/BoardCAD$67.class" shared="false" uninstallMode="0"/>
<entry name="boardcad/icons/BoardCADedit24.gif" shared="false" uninstallMode="0"/>
<entry name="doc/boardcad/gui/jdk/MachineConfigComponent.html" shared="false" uninstallMode="0"/>
<entry name="doc/cadcore/MathUtils.CurveLength.html" shared="false" uninstallMode="0"/>
<entry name="boardcad/gui/jdk/CategorizedSettingsComponent.class" shared="false" uninstallMode="0"/>
<entry name="boardcad/gui/jdk/DesignPanel.class" shared="false" uninstallMode="0"/>
<entry name="cadcore/BezierBoardSLinearInterpolationSurfaceModel$4.class" shared="false" uninstallMode="0"/>
<entry name="boardcad/icons/ZoomIn16.gif" shared="false" uninstallMode="0"/>
<entry name="boardcad/gui/jdk/ScaleBoardInputDialog$10.class" shared="false" uninstallMode="0"/>
<entry name="cachedir/packages/MRJToolkit.pkc" shared="false" uninstallMode="0"/>
<entry name="cadcore/AbstractBezierBoardSurfaceModel$ModelType.class" shared="false" uninstallMode="0"/>
<entry name="boardcad/gui/jdk/BoardCAD$103.class" shared="false" uninstallMode="0"/>
<entry name="boardcad/gui/jdk/MachineDialog.class" shared="false" uninstallMode="0"/>
<entry name="doc/boardcam/readers/GCodeReader.html" shared="false" uninstallMode="0"/>
<entry name="boardcad/gui/jdk/WeightCalculatorDialog$8.class" shared="false" uninstallMode="0"/>
<entry name="boardcad/gui/jdk/BrdCommandHistory.class" shared="false" uninstallMode="0"/>
<entry name="boardcam/cutters/FlatCutter.java" shared="false" uninstallMode="0"/>
<entry name="boardcad/gui/jdk/BrdSpotCheckCommand.class" shared="false" uninstallMode="0"/>
<entry name="boardcad/FileTools.class" shared="false" uninstallMode="0"/>
<entry name="boardcad/gui/jdk/BoardGuidePointsDialog$3.class" shared="false" uninstallMode="0"/>
<entry name="boardcad/gui/jdk/BrdMacroCommand.class" shared="false" uninstallMode="0"/>
<entry name="boardcad/print/PrintSandwichTemplates.java" shared="false" uninstallMode="0"/>
<entry name="boardcad/settings/Settings$FileName.class" shared="false" uninstallMode="0"/>
<entry name="boardcad/gui/jdk/BrdImportProfileCommand.class" shared="false" uninstallMode="0"/>
<entry name="boardcad/icons/History16.gif" shared="false" uninstallMode="0"/>
<entry name="boardcam/writers/CutWriter.class" shared="false" uninstallMode="0"/>
<entry name="boardcad/AbstractDraw.java" shared="false" uninstallMode="0"/>
<entry name="cadcore/BezierBoardControlPointInterpolationSurfaceModel.java" shared="false" uninstallMode="0"/>
<entry name="doc/boardcad/gui/jdk/plugin/package-tree.html" shared="false" uninstallMode="0"/>
<entry name="boardcad/gui/jdk/BoardCAD$101.class" shared="false" uninstallMode="0"/>
<entry name="boardcad/gui/jdk/BoardCommands.java" shared="false" uninstallMode="0"/>
<entry name="boardcad/gui/jdk/BoardCAD$92.class" shared="false" uninstallMode="0"/>
<entry name="boardcad/gui/jdk/BoardCAD$12.class" shared="false" uninstallMode="0"/>
<entry name="board/writers/S3DWriter.class" shared="false" uninstallMode="0"/>
<entry name="boardcad/icons/AlignLeft24.gif" shared="false" uninstallMode="0"/>
<entry name="boardcad/gui/jdk/EnumEditor$1.class" shared="false" uninstallMode="0"/>
<entry name="boardcad/gui/jdk/BrdAbstractEditCommand.class" shared="false" uninstallMode="0"/>
<entry name="boardcad/settings/Setting.java" shared="false" uninstallMode="0"/>
<entry name=".install4j/stats.properties" shared="false" uninstallMode="2"/>
<entry name="cadcore/BezierKnot.class" shared="false" uninstallMode="0"/>
<entry name="boardcad/gui/jdk/BoardDraw.class" shared="false" uninstallMode="0"/>
<entry name="boardcad/gui/jdk/BoardCAD$65.class" shared="false" uninstallMode="0"/>
<entry name="doc/boardcam/holdingsystems/EndClampsBlankHoldingSystem.html" shared="false" uninstallMode="0"/>
<entry name="doc/boardcad/ScriptLoader.html" shared="false" uninstallMode="0"/>
<entry name="boardcad/gui/jdk/JOGLThreeDView$1.class" shared="false" uninstallMode="0"/>
<entry name="boardcad/icons/SaveRefresh.gif" shared="false" uninstallMode="0"/>
<entry name="board/AbstractBoard.class" shared="false" uninstallMode="0"/>
<entry name="boardcad/gui/jdk/plugin/AbstractPlugin.java" shared="false" uninstallMode="0"/>
<entry name="boardcad/gui/jdk/BoardInfo$1.class" shared="false" uninstallMode="0"/>
<entry name="doc/boardcad/i18n/package-tree.html" shared="false" uninstallMode="0"/>
<entry name="doc/boardcam/MachineConfig.html" shared="false" uninstallMode="0"/>
<entry name="boardcad/icons/BoardCADfit24.gif" shared="false" uninstallMode="0"/>
<entry name="boardcam/toolpathgenerators/AtuaCoresToolpathGenerator$1.class" shared="false" uninstallMode="0"/>
<entry name="boardcad/gui/jdk/BoardCADSettings$1.class" shared="false" uninstallMode="0"/>
<entry name="doc/board/writers/StepWriter.html" shared="false" uninstallMode="0"/>
<entry name="doc/boardcam/holdingsystems/package-frame.html" shared="false" uninstallMode="0"/>
<entry name="doc/boardcad/gui/jdk/MachineView.html" shared="false" uninstallMode="0"/>
<entry name="boardcad/gui/jdk/BrdGuidePointsDialog$3.class" shared="false" uninstallMode="0"/>
<entry name="boardcad/gui/jdk/BoardDraw.java" shared="false" uninstallMode="0"/>
<entry name="boardcad/gui/jdk/BoardCAD$6.class" shared="false" uninstallMode="0"/>
<entry name="boardcad/i18n/LanguageResource.class" shared="false" uninstallMode="0"/>
<entry name="boardcad/icons/save-as.png" shared="false" uninstallMode="0"/>
<entry name=".install4j/autoUninstall.0" shared="false" uninstallMode="0"/>
<entry name="boardcad/i18n/LanguageResource_es.properties" shared="false" uninstallMode="0"/>
<entry name="boardcad/gui/jdk/BoardCAD$60.class" shared="false" uninstallMode="0"/>
<entry name="boardcad/icons/save-refresh.png" shared="false" uninstallMode="0"/>
<entry name="cachedir/packages/rt.pkc" shared="false" uninstallMode="0"/>
<entry name="doc/cadcore/MathUtils.RootFinder.SecantRootFinder.html" shared="false" uninstallMode="0"/>
<entry name="boardcam/MachineConfig$1.class" shared="false" uninstallMode="0"/>
<entry name="doc/board/NurbsBoard.html" shared="false" uninstallMode="0"/>
<entry name="boardcad/icons/TipOfTheDay24.gif" shared="false" uninstallMode="0"/>
<entry name="boardcad/gui/jdk/BoardCAD$78.class" shared="false" uninstallMode="0"/>
<entry name="boardcad/gui/jdk/BrdEditCommand.class" shared="false" uninstallMode="0"/>
<entry name="doc/boardcad/print/package-tree.html" shared="false" uninstallMode="0"/>
<entry name="doc/index-all.html" shared="false" uninstallMode="0"/>
<entry name="boardcad/gui/jdk/BoardCAD$46.class" shared="false" uninstallMode="0"/>
<entry name="boardcad/gui/jdk/BoardCAD$45$1.class" shared="false" uninstallMode="0"/>
<entry name="boardcad/settings/CategorizedSettings.class" shared="false" uninstallMode="0"/>
<entry name="boardcad/gui/jdk/PointEditCommand.class" shared="false" uninstallMode="0"/>
<entry name="boardcad/gui/jdk/WeightCalculatorDialog$6.class" shared="false" uninstallMode="0"/>
<entry name="cachedir/packages/j3dutils$1.pkc" shared="false" uninstallMode="0"/>
<entry name="boardcam/cutters/Bullnose2dCutter.class" shared="false" uninstallMode="0"/>
<entry name="doc/boardcam/cutters/STLCutter.html" shared="false" uninstallMode="0"/>
<entry name="doc/boardcad/gui/jdk/Machine2DView.html" shared="false" uninstallMode="0"/>
<entry name="doc/boardcad/export/GCodeDraw.html" shared="false" uninstallMode="0"/>
<entry name="cachedir/packages/jsse.pkc" shared="false" uninstallMode="0"/>
<entry name="boardcad/export/DxfExport.java" shared="false" uninstallMode="0"/>
<entry name="doc/.DS_Store" shared="false" uninstallMode="0"/>
<entry name="boardcad/gui/jdk/BrdPanCommand.class" shared="false" uninstallMode="0"/>
<entry name=".install4j/installation.log" shared="false" uninstallMode="0"/>
<entry name="boardcad/gui/jdk/BoardCAD$17.class" shared="false" uninstallMode="0"/>
<entry name="boardcam/toolpathgenerators/AbstractToolpathGenerator.java" shared="false" uninstallMode="0"/>
<entry name="cadcore/MathUtils$DerivableFunction.class" shared="false" uninstallMode="0"/>
<entry name="boardcad/icons/Import16.gif" shared="false" uninstallMode="0"/>
<entry name="doc/boardcad/settings/Settings.Measurement.html" shared="false" uninstallMode="0"/>
<entry name="doc/boardcad/AbstractDraw.html" shared="false" uninstallMode="0"/>
<entry name="boardcad/.DS_Store" shared="false" uninstallMode="0"/>
<entry name="doc/boardcam/toolpathgenerators/package-frame.html" shared="false" uninstallMode="0"/>
<entry name="doc/boardcam/toolpathgenerators/package-tree.html" shared="false" uninstallMode="0"/>
<entry name="doc/boardcam/toolpathgenerators/AtuaCoresToolpathGenerator.html" shared="false" uninstallMode="0"/>
<entry name="boardcad/gui/jdk/EdgeView$1.class" shared="false" uninstallMode="0"/>
<entry name="doc/boardcad/export/DxfExport.html" shared="false" uninstallMode="0"/>
<entry name="doc/board/package-tree.html" shared="false" uninstallMode="0"/>
<entry name="boardcad/gui/jdk/Machine2DView$1.class" shared="false" uninstallMode="0"/>
<entry name="boardcam/MachineConfig$6.class" shared="false" uninstallMode="0"/>
<entry name="boardcad/icons/AlignTop16.gif" shared="false" uninstallMode="0"/>
<entry name="doc/boardcam/readers/package-summary.html" shared="false" uninstallMode="0"/>
</createdFiles>
<createdDirs>
<entry name="doc/resources" shared="false" uninstallMode="0"/>
<entry name="doc/cadcore" shared="false" uninstallMode="0"/>
<entry name="doc/boardcam/writers" shared="false" uninstallMode="0"/>
<entry name="doc/boardcam/toolpathgenerators" shared="false" uninstallMode="0"/>
<entry name="doc/boardcam/readers" shared="false" uninstallMode="0"/>
<entry name="doc/boardcam/holdingsystems" shared="false" uninstallMode="0"/>
<entry name="doc/boardcam/cutters" shared="false" uninstallMode="0"/>
<entry name="doc/boardcam" shared="false" uninstallMode="0"/>
<entry name="doc/boardcad/settings" shared="false" uninstallMode="0"/>
<entry name="doc/boardcad/print" shared="false" uninstallMode="0"/>
<entry name="doc/boardcad/i18n" shared="false" uninstallMode="0"/>
<entry name="doc/boardcad/gui/jdk/plugin" shared="false" uninstallMode="0"/>
<entry name="doc/boardcad/gui/jdk" shared="false" uninstallMode="0"/>
<entry name="doc/boardcad/gui" shared="false" uninstallMode="0"/>
<entry name="doc/boardcad/export" shared="false" uninstallMode="0"/>
<entry name="doc/boardcad" shared="false" uninstallMode="0"/>
<entry name="doc/board/writers" shared="false" uninstallMode="0"/>
<entry name="doc/board/readers" shared="false" uninstallMode="0"/>
<entry name="doc/board" shared="false" uninstallMode="0"/>
<entry name="doc" shared="false" uninstallMode="0"/>
<entry name="cadcore" shared="false" uninstallMode="0"/>
<entry name="cachedir/packages" shared="false" uninstallMode="0"/>
<entry name="cachedir" shared="false" uninstallMode="0"/>
<entry name="boardcam/writers" shared="false" uninstallMode="0"/>
<entry name="boardcam/toolpathgenerators/ext" shared="false" uninstallMode="0"/>
<entry name="boardcam/toolpathgenerators" shared="false" uninstallMode="0"/>
<entry name="boardcam/readers" shared="false" uninstallMode="0"/>
<entry name="boardcam/holdingsystems" shared="false" uninstallMode="0"/>
<entry name="boardcam/cutters" shared="false" uninstallMode="0"/>
<entry name="boardcam" shared="false" uninstallMode="0"/>
<entry name="boardcad/settings" shared="false" uninstallMode="0"/>
<entry name="boardcad/print" shared="false" uninstallMode="0"/>
<entry name="boardcad/icons" shared="false" uninstallMode="0"/>
<entry name="boardcad/i18n" shared="false" uninstallMode="0"/>
<entry name="boardcad/gui/jdk/plugin" shared="false" uninstallMode="0"/>
<entry name="boardcad/gui/jdk" shared="false" uninstallMode="0"/>
<entry name="boardcad/gui/gwt" shared="false" uninstallMode="0"/>
<entry name="boardcad/gui/android" shared="false" uninstallMode="0"/>
<entry name="boardcad/gui" shared="false" uninstallMode="0"/>
<entry name="boardcad/export" shared="false" uninstallMode="0"/>
<entry name="boardcad/3D" shared="false" uninstallMode="0"/>
<entry name="boardcad" shared="false" uninstallMode="0"/>
<entry name="board/writers" shared="false" uninstallMode="0"/>
<entry name="board/readers" shared="false" uninstallMode="0"/>
<entry name="board" shared="false" uninstallMode="0"/>
<entry name=".install4j" shared="false" uninstallMode="0"/>
<entry name="." shared="false" uninstallMode="0"/>
</createdDirs>
</fileLog>
